[2025-04-19T20:18:19.199+0000] {local_task_job_runner.py:123} INFO - ::group::Pre task execution logs
[2025-04-19T20:18:19.232+0000] {taskinstance.py:2612} INFO - Dependencies all met for dep_context=non-requeueable deps ti=<TaskInstance: law_enforcement_ETL.load_data manual__2025-04-19T20:18:05.331744+00:00 [queued]>
[2025-04-19T20:18:19.252+0000] {taskinstance.py:2612} INFO - Dependencies all met for dep_context=requeueable deps ti=<TaskInstance: law_enforcement_ETL.load_data manual__2025-04-19T20:18:05.331744+00:00 [queued]>
[2025-04-19T20:18:19.253+0000] {taskinstance.py:2865} INFO - Starting attempt 1 of 1
[2025-04-19T20:18:19.277+0000] {taskinstance.py:2888} INFO - Executing <Task(_PythonDecoratedOperator): load_data> on 2025-04-19 20:18:05.331744+00:00
[2025-04-19T20:18:19.297+0000] {standard_task_runner.py:104} INFO - Running: ['***', 'tasks', 'run', 'law_enforcement_ETL', 'load_data', 'manual__2025-04-19T20:18:05.331744+00:00', '--job-id', '17', '--raw', '--subdir', 'DAGS_FOLDER/Lab2_ETL.py', '--cfg-path', '/tmp/tmpwv04ty2_']
[2025-04-19T20:18:19.298+0000] {logging_mixin.py:190} WARNING - /home/***/.local/lib/python3.12/site-packages/***/task/task_runner/standard_task_runner.py:70 DeprecationWarning: This process (pid=1368) is multi-threaded, use of fork() may lead to deadlocks in the child.
[2025-04-19T20:18:19.301+0000] {standard_task_runner.py:105} INFO - Job 17: Subtask load_data
[2025-04-19T20:18:19.301+0000] {standard_task_runner.py:72} INFO - Started process 1371 to run task
[2025-04-19T20:18:19.413+0000] {task_command.py:467} INFO - Running <TaskInstance: law_enforcement_ETL.load_data manual__2025-04-19T20:18:05.331744+00:00 [running]> on host 9fae04e934aa
[2025-04-19T20:18:19.639+0000] {taskinstance.py:3131} INFO - Exporting env vars: AIRFLOW_CTX_DAG_OWNER='***' AIRFLOW_CTX_DAG_ID='law_enforcement_ETL' AIRFLOW_CTX_TASK_ID='load_data' AIRFLOW_CTX_EXECUTION_DATE='2025-04-19T20:18:05.331744+00:00' AIRFLOW_CTX_TRY_NUMBER='1' AIRFLOW_CTX_DAG_RUN_ID='manual__2025-04-19T20:18:05.331744+00:00'
[2025-04-19T20:18:19.642+0000] {taskinstance.py:731} INFO - ::endgroup::
[2025-04-19T20:18:20.267+0000] {cursor.py:1156} INFO - Number of results in first chunk: 1
[2025-04-19T20:18:20.553+0000] {cursor.py:1156} INFO - Number of results in first chunk: 1
[2025-04-19T20:22:28.300+0000] {cursor.py:1156} INFO - Number of results in first chunk: 1
[2025-04-19T20:22:28.305+0000] {python.py:240} INFO - Done. Returned value was: None
[2025-04-19T20:22:28.327+0000] {taskinstance.py:340} INFO - ::group::Post task execution logs
[2025-04-19T20:22:28.328+0000] {taskinstance.py:352} INFO - Marking task as SUCCESS. dag_id=law_enforcement_ETL, task_id=load_data, run_id=manual__2025-04-19T20:18:05.331744+00:00, execution_date=20250419T201805, start_date=20250419T201819, end_date=20250419T202228
[2025-04-19T20:22:28.413+0000] {local_task_job_runner.py:266} INFO - Task exited with return code 0
[2025-04-19T20:22:28.429+0000] {taskinstance.py:3900} INFO - 0 downstream tasks scheduled from follow-on schedule check
[2025-04-19T20:22:28.431+0000] {local_task_job_runner.py:245} INFO - ::endgroup::
