[2025-04-23T04:59:08.224+0000] {local_task_job_runner.py:123} INFO - ::group::Pre task execution logs
[2025-04-23T04:59:08.246+0000] {taskinstance.py:2612} INFO - Dependencies all met for dep_context=non-requeueable deps ti=<TaskInstance: BuildELT_dbt.dbt_run manual__2025-04-23T04:59:05.569909+00:00 [queued]>
[2025-04-23T04:59:08.257+0000] {taskinstance.py:2612} INFO - Dependencies all met for dep_context=requeueable deps ti=<TaskInstance: BuildELT_dbt.dbt_run manual__2025-04-23T04:59:05.569909+00:00 [queued]>
[2025-04-23T04:59:08.258+0000] {taskinstance.py:2865} INFO - Starting attempt 1 of 1
[2025-04-23T04:59:08.275+0000] {taskinstance.py:2888} INFO - Executing <Task(BashOperator): dbt_run> on 2025-04-23 04:59:05.569909+00:00
[2025-04-23T04:59:08.285+0000] {standard_task_runner.py:104} INFO - Running: ['***', 'tasks', 'run', 'BuildELT_dbt', 'dbt_run', 'manual__2025-04-23T04:59:05.569909+00:00', '--job-id', '57', '--raw', '--subdir', 'DAGS_FOLDER/build_elt_with_dbt.py', '--cfg-path', '/tmp/tmpdksupyvd']
[2025-04-23T04:59:08.289+0000] {standard_task_runner.py:105} INFO - Job 57: Subtask dbt_run
[2025-04-23T04:59:08.290+0000] {logging_mixin.py:190} WARNING - /home/***/.local/lib/python3.12/site-packages/***/task/task_runner/standard_task_runner.py:70 DeprecationWarning: This process (pid=752) is multi-threaded, use of fork() may lead to deadlocks in the child.
[2025-04-23T04:59:08.291+0000] {standard_task_runner.py:72} INFO - Started process 753 to run task
[2025-04-23T04:59:08.342+0000] {task_command.py:467} INFO - Running <TaskInstance: BuildELT_dbt.dbt_run manual__2025-04-23T04:59:05.569909+00:00 [running]> on host 0b555a0ed01e
[2025-04-23T04:59:08.536+0000] {taskinstance.py:3131} INFO - Exporting env vars: AIRFLOW_CTX_DAG_OWNER='***' AIRFLOW_CTX_DAG_ID='BuildELT_dbt' AIRFLOW_CTX_TASK_ID='dbt_run' AIRFLOW_CTX_EXECUTION_DATE='2025-04-23T04:59:05.569909+00:00' AIRFLOW_CTX_TRY_NUMBER='1' AIRFLOW_CTX_DAG_RUN_ID='manual__2025-04-23T04:59:05.569909+00:00'
[2025-04-23T04:59:08.537+0000] {taskinstance.py:731} INFO - ::endgroup::
[2025-04-23T04:59:08.574+0000] {subprocess.py:63} INFO - Tmp dir root location: /tmp
[2025-04-23T04:59:08.576+0000] {subprocess.py:75} INFO - Running command: ['/usr/bin/bash', '-c', '/home/***/.local/bin/dbt run --profiles-dir /opt/***/dbt --project-dir /opt/***/dbt']
[2025-04-23T04:59:08.589+0000] {subprocess.py:86} INFO - Output:
[2025-04-23T04:59:12.633+0000] {subprocess.py:93} INFO - [0m04:59:12  Running with dbt=1.6.18
[2025-04-23T04:59:15.031+0000] {subprocess.py:93} INFO - [0m04:59:15  Registered adapter: snowflake=1.6.0
[2025-04-23T04:59:15.347+0000] {subprocess.py:93} INFO - [0m04:59:15  Found 2 tests, 2 models, 2 sources, 0 exposures, 0 metrics, 375 macros, 0 groups, 0 semantic models
[2025-04-23T04:59:15.350+0000] {subprocess.py:93} INFO - [0m04:59:15
[2025-04-23T04:59:18.248+0000] {subprocess.py:93} INFO - [0m04:59:18  Concurrency: 1 threads (target='dev')
[2025-04-23T04:59:18.250+0000] {subprocess.py:93} INFO - [0m04:59:18
[2025-04-23T04:59:18.272+0000] {subprocess.py:93} INFO - [0m04:59:18  1 of 2 START sql view model analytics.law_enforcement_calls .................... [RUN]
[2025-04-23T04:59:19.329+0000] {subprocess.py:93} INFO - [0m04:59:19  1 of 2 OK created sql view model analytics.law_enforcement_calls ............... [[32mSUCCESS 1[0m in 1.05s]
[2025-04-23T04:59:19.336+0000] {subprocess.py:93} INFO - [0m04:59:19  2 of 2 START sql view model analytics.Avg_response_time_pd ..................... [RUN]
[2025-04-23T04:59:20.590+0000] {subprocess.py:93} INFO - [0m04:59:20  2 of 2 OK created sql view model analytics.Avg_response_time_pd ................ [[32mSUCCESS 1[0m in 1.25s]
[2025-04-23T04:59:20.602+0000] {subprocess.py:93} INFO - [0m04:59:20
[2025-04-23T04:59:20.604+0000] {subprocess.py:93} INFO - [0m04:59:20  Finished running 2 view models in 0 hours 0 minutes and 5.25 seconds (5.25s).
[2025-04-23T04:59:20.663+0000] {subprocess.py:93} INFO - [0m04:59:20
[2025-04-23T04:59:20.664+0000] {subprocess.py:93} INFO - [0m04:59:20  [32mCompleted successfully[0m
[2025-04-23T04:59:20.666+0000] {subprocess.py:93} INFO - [0m04:59:20
[2025-04-23T04:59:20.667+0000] {subprocess.py:93} INFO - [0m04:59:20  Done. PASS=2 WARN=0 ERROR=0 SKIP=0 TOTAL=2
[2025-04-23T04:59:22.281+0000] {subprocess.py:97} INFO - Command exited with return code 0
[2025-04-23T04:59:22.303+0000] {taskinstance.py:340} INFO - ::group::Post task execution logs
[2025-04-23T04:59:22.303+0000] {taskinstance.py:352} INFO - Marking task as SUCCESS. dag_id=BuildELT_dbt, task_id=dbt_run, run_id=manual__2025-04-23T04:59:05.569909+00:00, execution_date=20250423T045905, start_date=20250423T045908, end_date=20250423T045922
[2025-04-23T04:59:22.331+0000] {local_task_job_runner.py:266} INFO - Task exited with return code 0
[2025-04-23T04:59:22.353+0000] {taskinstance.py:3900} INFO - 1 downstream tasks scheduled from follow-on schedule check
[2025-04-23T04:59:22.355+0000] {local_task_job_runner.py:245} INFO - ::endgroup::
