[2025-04-22T04:49:27.101+0000] {processor.py:186} INFO - Started process (PID=382) to work on /opt/airflow/dags/Lab2_ETL.py
[2025-04-22T04:49:27.102+0000] {processor.py:914} INFO - Processing file /opt/airflow/dags/Lab2_ETL.py for tasks to queue
[2025-04-22T04:49:27.107+0000] {logging_mixin.py:190} INFO - [2025-04-22T04:49:27.106+0000] {dagbag.py:587} INFO - Filling up the DagBag from /opt/airflow/dags/Lab2_ETL.py
[2025-04-22T04:49:27.157+0000] {processor.py:925} INFO - DAG(s) 'law_enforcement_ETL' retrieved from /opt/airflow/dags/Lab2_ETL.py
[2025-04-22T04:49:27.208+0000] {logging_mixin.py:190} INFO - [2025-04-22T04:49:27.207+0000] {dag.py:3229} INFO - Sync 1 DAGs
[2025-04-22T04:49:27.241+0000] {logging_mixin.py:190} INFO - [2025-04-22T04:49:27.241+0000] {dag.py:4156} INFO - Setting next_dagrun for law_enforcement_ETL to 2025-04-22 02:30:00+00:00, run_after=2025-04-23 02:30:00+00:00
[2025-04-22T04:49:27.263+0000] {processor.py:208} INFO - Processing /opt/airflow/dags/Lab2_ETL.py took 0.170 seconds
[2025-04-22T04:49:57.449+0000] {processor.py:186} INFO - Started process (PID=419) to work on /opt/airflow/dags/Lab2_ETL.py
[2025-04-22T04:49:57.450+0000] {processor.py:914} INFO - Processing file /opt/airflow/dags/Lab2_ETL.py for tasks to queue
[2025-04-22T04:49:57.453+0000] {logging_mixin.py:190} INFO - [2025-04-22T04:49:57.453+0000] {dagbag.py:587} INFO - Filling up the DagBag from /opt/airflow/dags/Lab2_ETL.py
[2025-04-22T04:49:57.493+0000] {processor.py:925} INFO - DAG(s) 'law_enforcement_ETL' retrieved from /opt/airflow/dags/Lab2_ETL.py
[2025-04-22T04:49:57.517+0000] {logging_mixin.py:190} INFO - [2025-04-22T04:49:57.516+0000] {dag.py:3229} INFO - Sync 1 DAGs
[2025-04-22T04:49:57.545+0000] {logging_mixin.py:190} INFO - [2025-04-22T04:49:57.545+0000] {dag.py:4156} INFO - Setting next_dagrun for law_enforcement_ETL to 2025-04-22 02:30:00+00:00, run_after=2025-04-23 02:30:00+00:00
[2025-04-22T04:49:57.564+0000] {processor.py:208} INFO - Processing /opt/airflow/dags/Lab2_ETL.py took 0.123 seconds
[2025-04-22T04:50:27.956+0000] {processor.py:186} INFO - Started process (PID=435) to work on /opt/airflow/dags/Lab2_ETL.py
[2025-04-22T04:50:27.957+0000] {processor.py:914} INFO - Processing file /opt/airflow/dags/Lab2_ETL.py for tasks to queue
[2025-04-22T04:50:27.960+0000] {logging_mixin.py:190} INFO - [2025-04-22T04:50:27.960+0000] {dagbag.py:587} INFO - Filling up the DagBag from /opt/airflow/dags/Lab2_ETL.py
[2025-04-22T04:50:27.997+0000] {processor.py:925} INFO - DAG(s) 'law_enforcement_ETL' retrieved from /opt/airflow/dags/Lab2_ETL.py
[2025-04-22T04:50:28.022+0000] {logging_mixin.py:190} INFO - [2025-04-22T04:50:28.022+0000] {dag.py:3229} INFO - Sync 1 DAGs
[2025-04-22T04:50:28.055+0000] {logging_mixin.py:190} INFO - [2025-04-22T04:50:28.055+0000] {dag.py:4156} INFO - Setting next_dagrun for law_enforcement_ETL to 2025-04-22 02:30:00+00:00, run_after=2025-04-23 02:30:00+00:00
[2025-04-22T04:50:28.080+0000] {processor.py:208} INFO - Processing /opt/airflow/dags/Lab2_ETL.py took 0.133 seconds
[2025-04-22T04:50:58.593+0000] {processor.py:186} INFO - Started process (PID=452) to work on /opt/airflow/dags/Lab2_ETL.py
[2025-04-22T04:50:58.594+0000] {processor.py:914} INFO - Processing file /opt/airflow/dags/Lab2_ETL.py for tasks to queue
[2025-04-22T04:50:58.599+0000] {logging_mixin.py:190} INFO - [2025-04-22T04:50:58.598+0000] {dagbag.py:587} INFO - Filling up the DagBag from /opt/airflow/dags/Lab2_ETL.py
[2025-04-22T04:50:58.643+0000] {processor.py:925} INFO - DAG(s) 'law_enforcement_ETL' retrieved from /opt/airflow/dags/Lab2_ETL.py
[2025-04-22T04:50:58.670+0000] {logging_mixin.py:190} INFO - [2025-04-22T04:50:58.669+0000] {dag.py:3229} INFO - Sync 1 DAGs
[2025-04-22T04:50:58.717+0000] {logging_mixin.py:190} INFO - [2025-04-22T04:50:58.717+0000] {dag.py:4156} INFO - Setting next_dagrun for law_enforcement_ETL to 2025-04-22 02:30:00+00:00, run_after=2025-04-23 02:30:00+00:00
[2025-04-22T04:50:58.742+0000] {processor.py:208} INFO - Processing /opt/airflow/dags/Lab2_ETL.py took 0.156 seconds
[2025-04-22T04:51:29.241+0000] {processor.py:186} INFO - Started process (PID=468) to work on /opt/airflow/dags/Lab2_ETL.py
[2025-04-22T04:51:29.242+0000] {processor.py:914} INFO - Processing file /opt/airflow/dags/Lab2_ETL.py for tasks to queue
[2025-04-22T04:51:29.245+0000] {logging_mixin.py:190} INFO - [2025-04-22T04:51:29.244+0000] {dagbag.py:587} INFO - Filling up the DagBag from /opt/airflow/dags/Lab2_ETL.py
[2025-04-22T04:51:29.278+0000] {processor.py:925} INFO - DAG(s) 'law_enforcement_ETL' retrieved from /opt/airflow/dags/Lab2_ETL.py
[2025-04-22T04:51:29.298+0000] {logging_mixin.py:190} INFO - [2025-04-22T04:51:29.298+0000] {dag.py:3229} INFO - Sync 1 DAGs
[2025-04-22T04:51:29.327+0000] {logging_mixin.py:190} INFO - [2025-04-22T04:51:29.327+0000] {dag.py:4156} INFO - Setting next_dagrun for law_enforcement_ETL to 2025-04-22 02:30:00+00:00, run_after=2025-04-23 02:30:00+00:00
[2025-04-22T04:51:29.351+0000] {processor.py:208} INFO - Processing /opt/airflow/dags/Lab2_ETL.py took 0.116 seconds
[2025-04-22T04:51:59.807+0000] {processor.py:186} INFO - Started process (PID=484) to work on /opt/airflow/dags/Lab2_ETL.py
[2025-04-22T04:51:59.808+0000] {processor.py:914} INFO - Processing file /opt/airflow/dags/Lab2_ETL.py for tasks to queue
[2025-04-22T04:51:59.811+0000] {logging_mixin.py:190} INFO - [2025-04-22T04:51:59.810+0000] {dagbag.py:587} INFO - Filling up the DagBag from /opt/airflow/dags/Lab2_ETL.py
[2025-04-22T04:51:59.855+0000] {processor.py:925} INFO - DAG(s) 'law_enforcement_ETL' retrieved from /opt/airflow/dags/Lab2_ETL.py
[2025-04-22T04:51:59.883+0000] {logging_mixin.py:190} INFO - [2025-04-22T04:51:59.883+0000] {dag.py:3229} INFO - Sync 1 DAGs
[2025-04-22T04:51:59.914+0000] {logging_mixin.py:190} INFO - [2025-04-22T04:51:59.914+0000] {dag.py:4156} INFO - Setting next_dagrun for law_enforcement_ETL to 2025-04-22 02:30:00+00:00, run_after=2025-04-23 02:30:00+00:00
[2025-04-22T04:51:59.934+0000] {processor.py:208} INFO - Processing /opt/airflow/dags/Lab2_ETL.py took 0.133 seconds
[2025-04-22T04:52:30.383+0000] {processor.py:186} INFO - Started process (PID=500) to work on /opt/airflow/dags/Lab2_ETL.py
[2025-04-22T04:52:30.384+0000] {processor.py:914} INFO - Processing file /opt/airflow/dags/Lab2_ETL.py for tasks to queue
[2025-04-22T04:52:30.387+0000] {logging_mixin.py:190} INFO - [2025-04-22T04:52:30.386+0000] {dagbag.py:587} INFO - Filling up the DagBag from /opt/airflow/dags/Lab2_ETL.py
[2025-04-22T04:52:30.419+0000] {processor.py:925} INFO - DAG(s) 'law_enforcement_ETL' retrieved from /opt/airflow/dags/Lab2_ETL.py
[2025-04-22T04:52:30.438+0000] {logging_mixin.py:190} INFO - [2025-04-22T04:52:30.437+0000] {dag.py:3229} INFO - Sync 1 DAGs
[2025-04-22T04:52:30.462+0000] {logging_mixin.py:190} INFO - [2025-04-22T04:52:30.461+0000] {dag.py:4156} INFO - Setting next_dagrun for law_enforcement_ETL to 2025-04-22 02:30:00+00:00, run_after=2025-04-23 02:30:00+00:00
[2025-04-22T04:52:30.480+0000] {processor.py:208} INFO - Processing /opt/airflow/dags/Lab2_ETL.py took 0.107 seconds
[2025-04-22T04:53:00.887+0000] {processor.py:186} INFO - Started process (PID=516) to work on /opt/airflow/dags/Lab2_ETL.py
[2025-04-22T04:53:00.888+0000] {processor.py:914} INFO - Processing file /opt/airflow/dags/Lab2_ETL.py for tasks to queue
[2025-04-22T04:53:00.892+0000] {logging_mixin.py:190} INFO - [2025-04-22T04:53:00.891+0000] {dagbag.py:587} INFO - Filling up the DagBag from /opt/airflow/dags/Lab2_ETL.py
[2025-04-22T04:53:00.930+0000] {processor.py:925} INFO - DAG(s) 'law_enforcement_ETL' retrieved from /opt/airflow/dags/Lab2_ETL.py
[2025-04-22T04:53:00.952+0000] {logging_mixin.py:190} INFO - [2025-04-22T04:53:00.951+0000] {dag.py:3229} INFO - Sync 1 DAGs
[2025-04-22T04:53:00.992+0000] {logging_mixin.py:190} INFO - [2025-04-22T04:53:00.992+0000] {dag.py:4156} INFO - Setting next_dagrun for law_enforcement_ETL to 2025-04-22 02:30:00+00:00, run_after=2025-04-23 02:30:00+00:00
[2025-04-22T04:53:01.017+0000] {processor.py:208} INFO - Processing /opt/airflow/dags/Lab2_ETL.py took 0.140 seconds
[2025-04-22T04:53:31.459+0000] {processor.py:186} INFO - Started process (PID=532) to work on /opt/airflow/dags/Lab2_ETL.py
[2025-04-22T04:53:31.460+0000] {processor.py:914} INFO - Processing file /opt/airflow/dags/Lab2_ETL.py for tasks to queue
[2025-04-22T04:53:31.463+0000] {logging_mixin.py:190} INFO - [2025-04-22T04:53:31.463+0000] {dagbag.py:587} INFO - Filling up the DagBag from /opt/airflow/dags/Lab2_ETL.py
[2025-04-22T04:53:31.517+0000] {processor.py:925} INFO - DAG(s) 'law_enforcement_ETL' retrieved from /opt/airflow/dags/Lab2_ETL.py
[2025-04-22T04:53:31.543+0000] {logging_mixin.py:190} INFO - [2025-04-22T04:53:31.542+0000] {dag.py:3229} INFO - Sync 1 DAGs
[2025-04-22T04:53:31.575+0000] {logging_mixin.py:190} INFO - [2025-04-22T04:53:31.575+0000] {dag.py:4156} INFO - Setting next_dagrun for law_enforcement_ETL to 2025-04-22 02:30:00+00:00, run_after=2025-04-23 02:30:00+00:00
[2025-04-22T04:53:31.598+0000] {processor.py:208} INFO - Processing /opt/airflow/dags/Lab2_ETL.py took 0.149 seconds
[2025-04-22T04:54:02.044+0000] {processor.py:186} INFO - Started process (PID=553) to work on /opt/airflow/dags/Lab2_ETL.py
[2025-04-22T04:54:02.044+0000] {processor.py:914} INFO - Processing file /opt/airflow/dags/Lab2_ETL.py for tasks to queue
[2025-04-22T04:54:02.047+0000] {logging_mixin.py:190} INFO - [2025-04-22T04:54:02.046+0000] {dagbag.py:587} INFO - Filling up the DagBag from /opt/airflow/dags/Lab2_ETL.py
[2025-04-22T04:54:02.083+0000] {processor.py:925} INFO - DAG(s) 'law_enforcement_ETL' retrieved from /opt/airflow/dags/Lab2_ETL.py
[2025-04-22T04:54:02.102+0000] {logging_mixin.py:190} INFO - [2025-04-22T04:54:02.101+0000] {dag.py:3229} INFO - Sync 1 DAGs
[2025-04-22T04:54:02.127+0000] {logging_mixin.py:190} INFO - [2025-04-22T04:54:02.127+0000] {dag.py:4156} INFO - Setting next_dagrun for law_enforcement_ETL to 2025-04-22 02:30:00+00:00, run_after=2025-04-23 02:30:00+00:00
[2025-04-22T04:54:02.145+0000] {processor.py:208} INFO - Processing /opt/airflow/dags/Lab2_ETL.py took 0.108 seconds
[2025-04-22T04:54:32.758+0000] {processor.py:186} INFO - Started process (PID=569) to work on /opt/airflow/dags/Lab2_ETL.py
[2025-04-22T04:54:32.759+0000] {processor.py:914} INFO - Processing file /opt/airflow/dags/Lab2_ETL.py for tasks to queue
[2025-04-22T04:54:32.764+0000] {logging_mixin.py:190} INFO - [2025-04-22T04:54:32.763+0000] {dagbag.py:587} INFO - Filling up the DagBag from /opt/airflow/dags/Lab2_ETL.py
[2025-04-22T04:54:32.819+0000] {processor.py:925} INFO - DAG(s) 'law_enforcement_ETL' retrieved from /opt/airflow/dags/Lab2_ETL.py
[2025-04-22T04:54:32.849+0000] {logging_mixin.py:190} INFO - [2025-04-22T04:54:32.849+0000] {dag.py:3229} INFO - Sync 1 DAGs
[2025-04-22T04:54:32.892+0000] {logging_mixin.py:190} INFO - [2025-04-22T04:54:32.891+0000] {dag.py:4156} INFO - Setting next_dagrun for law_enforcement_ETL to 2025-04-22 02:30:00+00:00, run_after=2025-04-23 02:30:00+00:00
[2025-04-22T04:54:32.919+0000] {processor.py:208} INFO - Processing /opt/airflow/dags/Lab2_ETL.py took 0.170 seconds
[2025-04-22T04:55:03.378+0000] {processor.py:186} INFO - Started process (PID=585) to work on /opt/airflow/dags/Lab2_ETL.py
[2025-04-22T04:55:03.379+0000] {processor.py:914} INFO - Processing file /opt/airflow/dags/Lab2_ETL.py for tasks to queue
[2025-04-22T04:55:03.382+0000] {logging_mixin.py:190} INFO - [2025-04-22T04:55:03.381+0000] {dagbag.py:587} INFO - Filling up the DagBag from /opt/airflow/dags/Lab2_ETL.py
[2025-04-22T04:55:03.413+0000] {processor.py:925} INFO - DAG(s) 'law_enforcement_ETL' retrieved from /opt/airflow/dags/Lab2_ETL.py
[2025-04-22T04:55:03.428+0000] {logging_mixin.py:190} INFO - [2025-04-22T04:55:03.428+0000] {dag.py:3229} INFO - Sync 1 DAGs
[2025-04-22T04:55:03.452+0000] {logging_mixin.py:190} INFO - [2025-04-22T04:55:03.452+0000] {dag.py:4156} INFO - Setting next_dagrun for law_enforcement_ETL to 2025-04-22 02:30:00+00:00, run_after=2025-04-23 02:30:00+00:00
[2025-04-22T04:55:03.472+0000] {processor.py:208} INFO - Processing /opt/airflow/dags/Lab2_ETL.py took 0.101 seconds
[2025-04-22T04:55:33.954+0000] {processor.py:186} INFO - Started process (PID=601) to work on /opt/airflow/dags/Lab2_ETL.py
[2025-04-22T04:55:33.955+0000] {processor.py:914} INFO - Processing file /opt/airflow/dags/Lab2_ETL.py for tasks to queue
[2025-04-22T04:55:33.961+0000] {logging_mixin.py:190} INFO - [2025-04-22T04:55:33.960+0000] {dagbag.py:587} INFO - Filling up the DagBag from /opt/airflow/dags/Lab2_ETL.py
[2025-04-22T04:55:34.038+0000] {processor.py:925} INFO - DAG(s) 'law_enforcement_ETL' retrieved from /opt/airflow/dags/Lab2_ETL.py
[2025-04-22T04:55:34.080+0000] {logging_mixin.py:190} INFO - [2025-04-22T04:55:34.078+0000] {dag.py:3229} INFO - Sync 1 DAGs
[2025-04-22T04:55:34.134+0000] {logging_mixin.py:190} INFO - [2025-04-22T04:55:34.134+0000] {dag.py:4156} INFO - Setting next_dagrun for law_enforcement_ETL to 2025-04-22 02:30:00+00:00, run_after=2025-04-23 02:30:00+00:00
[2025-04-22T04:55:34.198+0000] {processor.py:208} INFO - Processing /opt/airflow/dags/Lab2_ETL.py took 0.258 seconds
[2025-04-22T04:56:04.686+0000] {processor.py:186} INFO - Started process (PID=617) to work on /opt/airflow/dags/Lab2_ETL.py
[2025-04-22T04:56:04.688+0000] {processor.py:914} INFO - Processing file /opt/airflow/dags/Lab2_ETL.py for tasks to queue
[2025-04-22T04:56:04.693+0000] {logging_mixin.py:190} INFO - [2025-04-22T04:56:04.692+0000] {dagbag.py:587} INFO - Filling up the DagBag from /opt/airflow/dags/Lab2_ETL.py
[2025-04-22T04:56:04.797+0000] {processor.py:925} INFO - DAG(s) 'law_enforcement_ETL' retrieved from /opt/airflow/dags/Lab2_ETL.py
[2025-04-22T04:56:04.868+0000] {logging_mixin.py:190} INFO - [2025-04-22T04:56:04.868+0000] {dag.py:3229} INFO - Sync 1 DAGs
[2025-04-22T04:56:04.919+0000] {logging_mixin.py:190} INFO - [2025-04-22T04:56:04.919+0000] {dag.py:4156} INFO - Setting next_dagrun for law_enforcement_ETL to 2025-04-22 02:30:00+00:00, run_after=2025-04-23 02:30:00+00:00
[2025-04-22T04:56:04.950+0000] {processor.py:208} INFO - Processing /opt/airflow/dags/Lab2_ETL.py took 0.272 seconds
[2025-04-22T04:56:35.424+0000] {processor.py:186} INFO - Started process (PID=633) to work on /opt/airflow/dags/Lab2_ETL.py
[2025-04-22T04:56:35.426+0000] {processor.py:914} INFO - Processing file /opt/airflow/dags/Lab2_ETL.py for tasks to queue
[2025-04-22T04:56:35.430+0000] {logging_mixin.py:190} INFO - [2025-04-22T04:56:35.430+0000] {dagbag.py:587} INFO - Filling up the DagBag from /opt/airflow/dags/Lab2_ETL.py
[2025-04-22T04:56:35.491+0000] {processor.py:925} INFO - DAG(s) 'law_enforcement_ETL' retrieved from /opt/airflow/dags/Lab2_ETL.py
[2025-04-22T04:56:35.534+0000] {logging_mixin.py:190} INFO - [2025-04-22T04:56:35.534+0000] {dag.py:3229} INFO - Sync 1 DAGs
[2025-04-22T04:56:35.579+0000] {logging_mixin.py:190} INFO - [2025-04-22T04:56:35.579+0000] {dag.py:4156} INFO - Setting next_dagrun for law_enforcement_ETL to 2025-04-22 02:30:00+00:00, run_after=2025-04-23 02:30:00+00:00
[2025-04-22T04:56:35.596+0000] {processor.py:208} INFO - Processing /opt/airflow/dags/Lab2_ETL.py took 0.182 seconds
[2025-04-22T04:57:06.059+0000] {processor.py:186} INFO - Started process (PID=649) to work on /opt/airflow/dags/Lab2_ETL.py
[2025-04-22T04:57:06.061+0000] {processor.py:914} INFO - Processing file /opt/airflow/dags/Lab2_ETL.py for tasks to queue
[2025-04-22T04:57:06.065+0000] {logging_mixin.py:190} INFO - [2025-04-22T04:57:06.064+0000] {dagbag.py:587} INFO - Filling up the DagBag from /opt/airflow/dags/Lab2_ETL.py
[2025-04-22T04:57:06.119+0000] {processor.py:925} INFO - DAG(s) 'law_enforcement_ETL' retrieved from /opt/airflow/dags/Lab2_ETL.py
[2025-04-22T04:57:06.142+0000] {logging_mixin.py:190} INFO - [2025-04-22T04:57:06.141+0000] {dag.py:3229} INFO - Sync 1 DAGs
[2025-04-22T04:57:06.205+0000] {logging_mixin.py:190} INFO - [2025-04-22T04:57:06.204+0000] {dag.py:4156} INFO - Setting next_dagrun for law_enforcement_ETL to 2025-04-22 02:30:00+00:00, run_after=2025-04-23 02:30:00+00:00
[2025-04-22T04:57:06.250+0000] {processor.py:208} INFO - Processing /opt/airflow/dags/Lab2_ETL.py took 0.201 seconds
[2025-04-22T04:57:36.759+0000] {processor.py:186} INFO - Started process (PID=666) to work on /opt/airflow/dags/Lab2_ETL.py
[2025-04-22T04:57:36.761+0000] {processor.py:914} INFO - Processing file /opt/airflow/dags/Lab2_ETL.py for tasks to queue
[2025-04-22T04:57:36.766+0000] {logging_mixin.py:190} INFO - [2025-04-22T04:57:36.765+0000] {dagbag.py:587} INFO - Filling up the DagBag from /opt/airflow/dags/Lab2_ETL.py
[2025-04-22T04:57:36.824+0000] {processor.py:925} INFO - DAG(s) 'law_enforcement_ETL' retrieved from /opt/airflow/dags/Lab2_ETL.py
[2025-04-22T04:57:36.863+0000] {logging_mixin.py:190} INFO - [2025-04-22T04:57:36.862+0000] {dag.py:3229} INFO - Sync 1 DAGs
[2025-04-22T04:57:36.900+0000] {logging_mixin.py:190} INFO - [2025-04-22T04:57:36.900+0000] {dag.py:4156} INFO - Setting next_dagrun for law_enforcement_ETL to 2025-04-22 02:30:00+00:00, run_after=2025-04-23 02:30:00+00:00
[2025-04-22T04:57:36.919+0000] {processor.py:208} INFO - Processing /opt/airflow/dags/Lab2_ETL.py took 0.171 seconds
[2025-04-22T04:58:07.428+0000] {processor.py:186} INFO - Started process (PID=682) to work on /opt/airflow/dags/Lab2_ETL.py
[2025-04-22T04:58:07.430+0000] {processor.py:914} INFO - Processing file /opt/airflow/dags/Lab2_ETL.py for tasks to queue
[2025-04-22T04:58:07.437+0000] {logging_mixin.py:190} INFO - [2025-04-22T04:58:07.436+0000] {dagbag.py:587} INFO - Filling up the DagBag from /opt/airflow/dags/Lab2_ETL.py
[2025-04-22T04:58:07.508+0000] {processor.py:925} INFO - DAG(s) 'law_enforcement_ETL' retrieved from /opt/airflow/dags/Lab2_ETL.py
[2025-04-22T04:58:07.542+0000] {logging_mixin.py:190} INFO - [2025-04-22T04:58:07.541+0000] {dag.py:3229} INFO - Sync 1 DAGs
[2025-04-22T04:58:07.576+0000] {logging_mixin.py:190} INFO - [2025-04-22T04:58:07.576+0000] {dag.py:4156} INFO - Setting next_dagrun for law_enforcement_ETL to 2025-04-22 02:30:00+00:00, run_after=2025-04-23 02:30:00+00:00
[2025-04-22T04:58:07.603+0000] {processor.py:208} INFO - Processing /opt/airflow/dags/Lab2_ETL.py took 0.190 seconds
[2025-04-22T04:58:38.046+0000] {processor.py:186} INFO - Started process (PID=698) to work on /opt/airflow/dags/Lab2_ETL.py
[2025-04-22T04:58:38.048+0000] {processor.py:914} INFO - Processing file /opt/airflow/dags/Lab2_ETL.py for tasks to queue
[2025-04-22T04:58:38.052+0000] {logging_mixin.py:190} INFO - [2025-04-22T04:58:38.051+0000] {dagbag.py:587} INFO - Filling up the DagBag from /opt/airflow/dags/Lab2_ETL.py
[2025-04-22T04:58:38.099+0000] {processor.py:925} INFO - DAG(s) 'law_enforcement_ETL' retrieved from /opt/airflow/dags/Lab2_ETL.py
[2025-04-22T04:58:38.118+0000] {logging_mixin.py:190} INFO - [2025-04-22T04:58:38.118+0000] {dag.py:3229} INFO - Sync 1 DAGs
[2025-04-22T04:58:38.146+0000] {logging_mixin.py:190} INFO - [2025-04-22T04:58:38.146+0000] {dag.py:4156} INFO - Setting next_dagrun for law_enforcement_ETL to 2025-04-22 02:30:00+00:00, run_after=2025-04-23 02:30:00+00:00
[2025-04-22T04:58:38.173+0000] {processor.py:208} INFO - Processing /opt/airflow/dags/Lab2_ETL.py took 0.135 seconds
[2025-04-22T05:07:39.460+0000] {processor.py:186} INFO - Started process (PID=374) to work on /opt/airflow/dags/Lab2_ETL.py
[2025-04-22T05:07:39.462+0000] {processor.py:914} INFO - Processing file /opt/airflow/dags/Lab2_ETL.py for tasks to queue
[2025-04-22T05:07:39.464+0000] {logging_mixin.py:190} INFO - [2025-04-22T05:07:39.464+0000] {dagbag.py:587} INFO - Filling up the DagBag from /opt/airflow/dags/Lab2_ETL.py
[2025-04-22T05:07:39.512+0000] {processor.py:925} INFO - DAG(s) 'law_enforcement_ETL' retrieved from /opt/airflow/dags/Lab2_ETL.py
[2025-04-22T05:07:39.564+0000] {logging_mixin.py:190} INFO - [2025-04-22T05:07:39.563+0000] {dag.py:3229} INFO - Sync 1 DAGs
[2025-04-22T05:07:39.596+0000] {logging_mixin.py:190} INFO - [2025-04-22T05:07:39.595+0000] {dag.py:4156} INFO - Setting next_dagrun for law_enforcement_ETL to 2025-04-22 02:30:00+00:00, run_after=2025-04-23 02:30:00+00:00
[2025-04-22T05:07:39.619+0000] {processor.py:208} INFO - Processing /opt/airflow/dags/Lab2_ETL.py took 0.167 seconds
[2025-04-22T05:08:09.856+0000] {processor.py:186} INFO - Started process (PID=402) to work on /opt/airflow/dags/Lab2_ETL.py
[2025-04-22T05:08:09.857+0000] {processor.py:914} INFO - Processing file /opt/airflow/dags/Lab2_ETL.py for tasks to queue
[2025-04-22T05:08:09.860+0000] {logging_mixin.py:190} INFO - [2025-04-22T05:08:09.860+0000] {dagbag.py:587} INFO - Filling up the DagBag from /opt/airflow/dags/Lab2_ETL.py
[2025-04-22T05:08:09.900+0000] {processor.py:925} INFO - DAG(s) 'law_enforcement_ETL' retrieved from /opt/airflow/dags/Lab2_ETL.py
[2025-04-22T05:08:09.923+0000] {logging_mixin.py:190} INFO - [2025-04-22T05:08:09.923+0000] {dag.py:3229} INFO - Sync 1 DAGs
[2025-04-22T05:08:09.951+0000] {logging_mixin.py:190} INFO - [2025-04-22T05:08:09.951+0000] {dag.py:4156} INFO - Setting next_dagrun for law_enforcement_ETL to 2025-04-22 02:30:00+00:00, run_after=2025-04-23 02:30:00+00:00
[2025-04-22T05:08:09.969+0000] {processor.py:208} INFO - Processing /opt/airflow/dags/Lab2_ETL.py took 0.123 seconds
[2025-04-22T05:08:40.460+0000] {processor.py:186} INFO - Started process (PID=421) to work on /opt/airflow/dags/Lab2_ETL.py
[2025-04-22T05:08:40.462+0000] {processor.py:914} INFO - Processing file /opt/airflow/dags/Lab2_ETL.py for tasks to queue
[2025-04-22T05:08:40.468+0000] {logging_mixin.py:190} INFO - [2025-04-22T05:08:40.467+0000] {dagbag.py:587} INFO - Filling up the DagBag from /opt/airflow/dags/Lab2_ETL.py
[2025-04-22T05:08:40.516+0000] {processor.py:925} INFO - DAG(s) 'law_enforcement_ETL' retrieved from /opt/airflow/dags/Lab2_ETL.py
[2025-04-22T05:08:40.552+0000] {logging_mixin.py:190} INFO - [2025-04-22T05:08:40.551+0000] {dag.py:3229} INFO - Sync 1 DAGs
[2025-04-22T05:08:40.576+0000] {logging_mixin.py:190} INFO - [2025-04-22T05:08:40.576+0000] {dag.py:4156} INFO - Setting next_dagrun for law_enforcement_ETL to 2025-04-22 02:30:00+00:00, run_after=2025-04-23 02:30:00+00:00
[2025-04-22T05:08:40.598+0000] {processor.py:208} INFO - Processing /opt/airflow/dags/Lab2_ETL.py took 0.147 seconds
[2025-04-22T05:09:11.024+0000] {processor.py:186} INFO - Started process (PID=436) to work on /opt/airflow/dags/Lab2_ETL.py
[2025-04-22T05:09:11.025+0000] {processor.py:914} INFO - Processing file /opt/airflow/dags/Lab2_ETL.py for tasks to queue
[2025-04-22T05:09:11.027+0000] {logging_mixin.py:190} INFO - [2025-04-22T05:09:11.027+0000] {dagbag.py:587} INFO - Filling up the DagBag from /opt/airflow/dags/Lab2_ETL.py
[2025-04-22T05:09:11.064+0000] {processor.py:925} INFO - DAG(s) 'law_enforcement_ETL' retrieved from /opt/airflow/dags/Lab2_ETL.py
[2025-04-22T05:09:11.083+0000] {logging_mixin.py:190} INFO - [2025-04-22T05:09:11.082+0000] {dag.py:3229} INFO - Sync 1 DAGs
[2025-04-22T05:09:11.110+0000] {logging_mixin.py:190} INFO - [2025-04-22T05:09:11.110+0000] {dag.py:4156} INFO - Setting next_dagrun for law_enforcement_ETL to 2025-04-22 02:30:00+00:00, run_after=2025-04-23 02:30:00+00:00
[2025-04-22T05:09:11.128+0000] {processor.py:208} INFO - Processing /opt/airflow/dags/Lab2_ETL.py took 0.111 seconds
[2025-04-22T05:09:41.626+0000] {processor.py:186} INFO - Started process (PID=452) to work on /opt/airflow/dags/Lab2_ETL.py
[2025-04-22T05:09:41.629+0000] {processor.py:914} INFO - Processing file /opt/airflow/dags/Lab2_ETL.py for tasks to queue
[2025-04-22T05:09:41.640+0000] {logging_mixin.py:190} INFO - [2025-04-22T05:09:41.639+0000] {dagbag.py:587} INFO - Filling up the DagBag from /opt/airflow/dags/Lab2_ETL.py
[2025-04-22T05:09:41.709+0000] {processor.py:925} INFO - DAG(s) 'law_enforcement_ETL' retrieved from /opt/airflow/dags/Lab2_ETL.py
[2025-04-22T05:09:41.747+0000] {logging_mixin.py:190} INFO - [2025-04-22T05:09:41.746+0000] {dag.py:3229} INFO - Sync 1 DAGs
[2025-04-22T05:09:41.814+0000] {logging_mixin.py:190} INFO - [2025-04-22T05:09:41.814+0000] {dag.py:4156} INFO - Setting next_dagrun for law_enforcement_ETL to 2025-04-22 02:30:00+00:00, run_after=2025-04-23 02:30:00+00:00
[2025-04-22T05:09:41.861+0000] {processor.py:208} INFO - Processing /opt/airflow/dags/Lab2_ETL.py took 0.249 seconds
[2025-04-22T05:10:12.328+0000] {processor.py:186} INFO - Started process (PID=468) to work on /opt/airflow/dags/Lab2_ETL.py
[2025-04-22T05:10:12.329+0000] {processor.py:914} INFO - Processing file /opt/airflow/dags/Lab2_ETL.py for tasks to queue
[2025-04-22T05:10:12.333+0000] {logging_mixin.py:190} INFO - [2025-04-22T05:10:12.333+0000] {dagbag.py:587} INFO - Filling up the DagBag from /opt/airflow/dags/Lab2_ETL.py
[2025-04-22T05:10:12.390+0000] {processor.py:925} INFO - DAG(s) 'law_enforcement_ETL' retrieved from /opt/airflow/dags/Lab2_ETL.py
[2025-04-22T05:10:12.414+0000] {logging_mixin.py:190} INFO - [2025-04-22T05:10:12.413+0000] {dag.py:3229} INFO - Sync 1 DAGs
[2025-04-22T05:10:12.438+0000] {logging_mixin.py:190} INFO - [2025-04-22T05:10:12.438+0000] {dag.py:4156} INFO - Setting next_dagrun for law_enforcement_ETL to 2025-04-22 02:30:00+00:00, run_after=2025-04-23 02:30:00+00:00
[2025-04-22T05:10:12.458+0000] {processor.py:208} INFO - Processing /opt/airflow/dags/Lab2_ETL.py took 0.139 seconds
[2025-04-22T05:10:42.954+0000] {processor.py:186} INFO - Started process (PID=484) to work on /opt/airflow/dags/Lab2_ETL.py
[2025-04-22T05:10:42.955+0000] {processor.py:914} INFO - Processing file /opt/airflow/dags/Lab2_ETL.py for tasks to queue
[2025-04-22T05:10:42.959+0000] {logging_mixin.py:190} INFO - [2025-04-22T05:10:42.959+0000] {dagbag.py:587} INFO - Filling up the DagBag from /opt/airflow/dags/Lab2_ETL.py
[2025-04-22T05:10:43.013+0000] {processor.py:925} INFO - DAG(s) 'law_enforcement_ETL' retrieved from /opt/airflow/dags/Lab2_ETL.py
[2025-04-22T05:10:43.041+0000] {logging_mixin.py:190} INFO - [2025-04-22T05:10:43.040+0000] {dag.py:3229} INFO - Sync 1 DAGs
[2025-04-22T05:10:43.064+0000] {logging_mixin.py:190} INFO - [2025-04-22T05:10:43.063+0000] {dag.py:4156} INFO - Setting next_dagrun for law_enforcement_ETL to 2025-04-22 02:30:00+00:00, run_after=2025-04-23 02:30:00+00:00
[2025-04-22T05:10:43.083+0000] {processor.py:208} INFO - Processing /opt/airflow/dags/Lab2_ETL.py took 0.138 seconds
[2025-04-22T05:11:13.570+0000] {processor.py:186} INFO - Started process (PID=501) to work on /opt/airflow/dags/Lab2_ETL.py
[2025-04-22T05:11:13.572+0000] {processor.py:914} INFO - Processing file /opt/airflow/dags/Lab2_ETL.py for tasks to queue
[2025-04-22T05:11:13.576+0000] {logging_mixin.py:190} INFO - [2025-04-22T05:11:13.575+0000] {dagbag.py:587} INFO - Filling up the DagBag from /opt/airflow/dags/Lab2_ETL.py
[2025-04-22T05:11:13.609+0000] {processor.py:925} INFO - DAG(s) 'law_enforcement_ETL' retrieved from /opt/airflow/dags/Lab2_ETL.py
[2025-04-22T05:11:13.626+0000] {logging_mixin.py:190} INFO - [2025-04-22T05:11:13.625+0000] {dag.py:3229} INFO - Sync 1 DAGs
[2025-04-22T05:11:13.649+0000] {logging_mixin.py:190} INFO - [2025-04-22T05:11:13.649+0000] {dag.py:4156} INFO - Setting next_dagrun for law_enforcement_ETL to 2025-04-22 02:30:00+00:00, run_after=2025-04-23 02:30:00+00:00
[2025-04-22T05:11:13.667+0000] {processor.py:208} INFO - Processing /opt/airflow/dags/Lab2_ETL.py took 0.111 seconds
[2025-04-22T05:11:44.173+0000] {processor.py:186} INFO - Started process (PID=517) to work on /opt/airflow/dags/Lab2_ETL.py
[2025-04-22T05:11:44.174+0000] {processor.py:914} INFO - Processing file /opt/airflow/dags/Lab2_ETL.py for tasks to queue
[2025-04-22T05:11:44.181+0000] {logging_mixin.py:190} INFO - [2025-04-22T05:11:44.180+0000] {dagbag.py:587} INFO - Filling up the DagBag from /opt/airflow/dags/Lab2_ETL.py
[2025-04-22T05:11:44.227+0000] {processor.py:925} INFO - DAG(s) 'law_enforcement_ETL' retrieved from /opt/airflow/dags/Lab2_ETL.py
[2025-04-22T05:11:44.250+0000] {logging_mixin.py:190} INFO - [2025-04-22T05:11:44.249+0000] {dag.py:3229} INFO - Sync 1 DAGs
[2025-04-22T05:11:44.276+0000] {logging_mixin.py:190} INFO - [2025-04-22T05:11:44.276+0000] {dag.py:4156} INFO - Setting next_dagrun for law_enforcement_ETL to 2025-04-22 02:30:00+00:00, run_after=2025-04-23 02:30:00+00:00
[2025-04-22T05:11:44.293+0000] {processor.py:208} INFO - Processing /opt/airflow/dags/Lab2_ETL.py took 0.136 seconds
[2025-04-22T05:12:14.742+0000] {processor.py:186} INFO - Started process (PID=533) to work on /opt/airflow/dags/Lab2_ETL.py
[2025-04-22T05:12:14.749+0000] {processor.py:914} INFO - Processing file /opt/airflow/dags/Lab2_ETL.py for tasks to queue
[2025-04-22T05:12:14.757+0000] {logging_mixin.py:190} INFO - [2025-04-22T05:12:14.756+0000] {dagbag.py:587} INFO - Filling up the DagBag from /opt/airflow/dags/Lab2_ETL.py
[2025-04-22T05:12:14.847+0000] {processor.py:925} INFO - DAG(s) 'law_enforcement_ETL' retrieved from /opt/airflow/dags/Lab2_ETL.py
[2025-04-22T05:12:14.884+0000] {logging_mixin.py:190} INFO - [2025-04-22T05:12:14.883+0000] {dag.py:3229} INFO - Sync 1 DAGs
[2025-04-22T05:12:14.916+0000] {logging_mixin.py:190} INFO - [2025-04-22T05:12:14.916+0000] {dag.py:4156} INFO - Setting next_dagrun for law_enforcement_ETL to 2025-04-22 02:30:00+00:00, run_after=2025-04-23 02:30:00+00:00
[2025-04-22T05:12:14.943+0000] {processor.py:208} INFO - Processing /opt/airflow/dags/Lab2_ETL.py took 0.214 seconds
[2025-04-22T05:12:45.531+0000] {processor.py:186} INFO - Started process (PID=549) to work on /opt/airflow/dags/Lab2_ETL.py
[2025-04-22T05:12:45.532+0000] {processor.py:914} INFO - Processing file /opt/airflow/dags/Lab2_ETL.py for tasks to queue
[2025-04-22T05:12:45.536+0000] {logging_mixin.py:190} INFO - [2025-04-22T05:12:45.535+0000] {dagbag.py:587} INFO - Filling up the DagBag from /opt/airflow/dags/Lab2_ETL.py
[2025-04-22T05:12:45.575+0000] {processor.py:925} INFO - DAG(s) 'law_enforcement_ETL' retrieved from /opt/airflow/dags/Lab2_ETL.py
[2025-04-22T05:12:45.593+0000] {logging_mixin.py:190} INFO - [2025-04-22T05:12:45.592+0000] {dag.py:3229} INFO - Sync 1 DAGs
[2025-04-22T05:12:45.617+0000] {logging_mixin.py:190} INFO - [2025-04-22T05:12:45.617+0000] {dag.py:4156} INFO - Setting next_dagrun for law_enforcement_ETL to 2025-04-22 02:30:00+00:00, run_after=2025-04-23 02:30:00+00:00
[2025-04-22T05:12:45.638+0000] {processor.py:208} INFO - Processing /opt/airflow/dags/Lab2_ETL.py took 0.121 seconds
[2025-04-22T05:13:16.177+0000] {processor.py:186} INFO - Started process (PID=565) to work on /opt/airflow/dags/Lab2_ETL.py
[2025-04-22T05:13:16.179+0000] {processor.py:914} INFO - Processing file /opt/airflow/dags/Lab2_ETL.py for tasks to queue
[2025-04-22T05:13:16.185+0000] {logging_mixin.py:190} INFO - [2025-04-22T05:13:16.184+0000] {dagbag.py:587} INFO - Filling up the DagBag from /opt/airflow/dags/Lab2_ETL.py
[2025-04-22T05:13:16.259+0000] {processor.py:925} INFO - DAG(s) 'law_enforcement_ETL' retrieved from /opt/airflow/dags/Lab2_ETL.py
[2025-04-22T05:13:16.301+0000] {logging_mixin.py:190} INFO - [2025-04-22T05:13:16.299+0000] {dag.py:3229} INFO - Sync 1 DAGs
[2025-04-22T05:13:16.355+0000] {logging_mixin.py:190} INFO - [2025-04-22T05:13:16.354+0000] {dag.py:4156} INFO - Setting next_dagrun for law_enforcement_ETL to 2025-04-22 02:30:00+00:00, run_after=2025-04-23 02:30:00+00:00
[2025-04-22T05:13:16.387+0000] {processor.py:208} INFO - Processing /opt/airflow/dags/Lab2_ETL.py took 0.222 seconds
[2025-04-22T05:21:45.274+0000] {processor.py:186} INFO - Started process (PID=373) to work on /opt/airflow/dags/Lab2_ETL.py
[2025-04-22T05:21:45.276+0000] {processor.py:914} INFO - Processing file /opt/airflow/dags/Lab2_ETL.py for tasks to queue
[2025-04-22T05:21:45.279+0000] {logging_mixin.py:190} INFO - [2025-04-22T05:21:45.278+0000] {dagbag.py:587} INFO - Filling up the DagBag from /opt/airflow/dags/Lab2_ETL.py
[2025-04-22T05:21:45.317+0000] {processor.py:925} INFO - DAG(s) 'law_enforcement_ETL' retrieved from /opt/airflow/dags/Lab2_ETL.py
[2025-04-22T05:21:45.339+0000] {logging_mixin.py:190} INFO - [2025-04-22T05:21:45.338+0000] {dag.py:3229} INFO - Sync 1 DAGs
[2025-04-22T05:21:45.367+0000] {logging_mixin.py:190} INFO - [2025-04-22T05:21:45.367+0000] {dag.py:4156} INFO - Setting next_dagrun for law_enforcement_ETL to 2025-04-22 02:30:00+00:00, run_after=2025-04-23 02:30:00+00:00
[2025-04-22T05:21:45.386+0000] {processor.py:208} INFO - Processing /opt/airflow/dags/Lab2_ETL.py took 0.120 seconds
[2025-04-22T05:22:15.751+0000] {processor.py:186} INFO - Started process (PID=405) to work on /opt/airflow/dags/Lab2_ETL.py
[2025-04-22T05:22:15.754+0000] {processor.py:914} INFO - Processing file /opt/airflow/dags/Lab2_ETL.py for tasks to queue
[2025-04-22T05:22:15.766+0000] {logging_mixin.py:190} INFO - [2025-04-22T05:22:15.765+0000] {dagbag.py:587} INFO - Filling up the DagBag from /opt/airflow/dags/Lab2_ETL.py
[2025-04-22T05:22:15.832+0000] {processor.py:925} INFO - DAG(s) 'law_enforcement_ETL' retrieved from /opt/airflow/dags/Lab2_ETL.py
[2025-04-22T05:22:15.872+0000] {logging_mixin.py:190} INFO - [2025-04-22T05:22:15.872+0000] {dag.py:3229} INFO - Sync 1 DAGs
[2025-04-22T05:22:15.916+0000] {logging_mixin.py:190} INFO - [2025-04-22T05:22:15.916+0000] {dag.py:4156} INFO - Setting next_dagrun for law_enforcement_ETL to 2025-04-22 02:30:00+00:00, run_after=2025-04-23 02:30:00+00:00
[2025-04-22T05:22:15.936+0000] {processor.py:208} INFO - Processing /opt/airflow/dags/Lab2_ETL.py took 0.207 seconds
[2025-04-22T05:22:46.412+0000] {processor.py:186} INFO - Started process (PID=422) to work on /opt/airflow/dags/Lab2_ETL.py
[2025-04-22T05:22:46.413+0000] {processor.py:914} INFO - Processing file /opt/airflow/dags/Lab2_ETL.py for tasks to queue
[2025-04-22T05:22:46.419+0000] {logging_mixin.py:190} INFO - [2025-04-22T05:22:46.419+0000] {dagbag.py:587} INFO - Filling up the DagBag from /opt/airflow/dags/Lab2_ETL.py
[2025-04-22T05:22:46.462+0000] {processor.py:925} INFO - DAG(s) 'law_enforcement_ETL' retrieved from /opt/airflow/dags/Lab2_ETL.py
[2025-04-22T05:22:46.488+0000] {logging_mixin.py:190} INFO - [2025-04-22T05:22:46.487+0000] {dag.py:3229} INFO - Sync 1 DAGs
[2025-04-22T05:22:46.516+0000] {logging_mixin.py:190} INFO - [2025-04-22T05:22:46.516+0000] {dag.py:4156} INFO - Setting next_dagrun for law_enforcement_ETL to 2025-04-22 02:30:00+00:00, run_after=2025-04-23 02:30:00+00:00
[2025-04-22T05:22:46.537+0000] {processor.py:208} INFO - Processing /opt/airflow/dags/Lab2_ETL.py took 0.134 seconds
[2025-04-22T05:23:17.004+0000] {processor.py:186} INFO - Started process (PID=438) to work on /opt/airflow/dags/Lab2_ETL.py
[2025-04-22T05:23:17.005+0000] {processor.py:914} INFO - Processing file /opt/airflow/dags/Lab2_ETL.py for tasks to queue
[2025-04-22T05:23:17.008+0000] {logging_mixin.py:190} INFO - [2025-04-22T05:23:17.007+0000] {dagbag.py:587} INFO - Filling up the DagBag from /opt/airflow/dags/Lab2_ETL.py
[2025-04-22T05:23:17.049+0000] {processor.py:925} INFO - DAG(s) 'law_enforcement_ETL' retrieved from /opt/airflow/dags/Lab2_ETL.py
[2025-04-22T05:23:17.065+0000] {logging_mixin.py:190} INFO - [2025-04-22T05:23:17.065+0000] {dag.py:3229} INFO - Sync 1 DAGs
[2025-04-22T05:23:17.089+0000] {logging_mixin.py:190} INFO - [2025-04-22T05:23:17.088+0000] {dag.py:4156} INFO - Setting next_dagrun for law_enforcement_ETL to 2025-04-22 02:30:00+00:00, run_after=2025-04-23 02:30:00+00:00
[2025-04-22T05:23:17.107+0000] {processor.py:208} INFO - Processing /opt/airflow/dags/Lab2_ETL.py took 0.113 seconds
[2025-04-22T05:23:47.514+0000] {processor.py:186} INFO - Started process (PID=454) to work on /opt/airflow/dags/Lab2_ETL.py
[2025-04-22T05:23:47.515+0000] {processor.py:914} INFO - Processing file /opt/airflow/dags/Lab2_ETL.py for tasks to queue
[2025-04-22T05:23:47.518+0000] {logging_mixin.py:190} INFO - [2025-04-22T05:23:47.517+0000] {dagbag.py:587} INFO - Filling up the DagBag from /opt/airflow/dags/Lab2_ETL.py
[2025-04-22T05:23:47.551+0000] {processor.py:925} INFO - DAG(s) 'law_enforcement_ETL' retrieved from /opt/airflow/dags/Lab2_ETL.py
[2025-04-22T05:23:47.569+0000] {logging_mixin.py:190} INFO - [2025-04-22T05:23:47.569+0000] {dag.py:3229} INFO - Sync 1 DAGs
[2025-04-22T05:23:47.594+0000] {logging_mixin.py:190} INFO - [2025-04-22T05:23:47.593+0000] {dag.py:4156} INFO - Setting next_dagrun for law_enforcement_ETL to 2025-04-22 02:30:00+00:00, run_after=2025-04-23 02:30:00+00:00
[2025-04-22T05:23:47.616+0000] {processor.py:208} INFO - Processing /opt/airflow/dags/Lab2_ETL.py took 0.111 seconds
[2025-04-22T05:24:18.056+0000] {processor.py:186} INFO - Started process (PID=470) to work on /opt/airflow/dags/Lab2_ETL.py
[2025-04-22T05:24:18.057+0000] {processor.py:914} INFO - Processing file /opt/airflow/dags/Lab2_ETL.py for tasks to queue
[2025-04-22T05:24:18.062+0000] {logging_mixin.py:190} INFO - [2025-04-22T05:24:18.061+0000] {dagbag.py:587} INFO - Filling up the DagBag from /opt/airflow/dags/Lab2_ETL.py
[2025-04-22T05:24:18.114+0000] {processor.py:925} INFO - DAG(s) 'law_enforcement_ETL' retrieved from /opt/airflow/dags/Lab2_ETL.py
[2025-04-22T05:24:18.143+0000] {logging_mixin.py:190} INFO - [2025-04-22T05:24:18.142+0000] {dag.py:3229} INFO - Sync 1 DAGs
[2025-04-22T05:24:18.172+0000] {logging_mixin.py:190} INFO - [2025-04-22T05:24:18.171+0000] {dag.py:4156} INFO - Setting next_dagrun for law_enforcement_ETL to 2025-04-22 02:30:00+00:00, run_after=2025-04-23 02:30:00+00:00
[2025-04-22T05:24:18.192+0000] {processor.py:208} INFO - Processing /opt/airflow/dags/Lab2_ETL.py took 0.144 seconds
[2025-04-22T05:42:13.421+0000] {processor.py:186} INFO - Started process (PID=374) to work on /opt/airflow/dags/Lab2_ETL.py
[2025-04-22T05:42:13.422+0000] {processor.py:914} INFO - Processing file /opt/airflow/dags/Lab2_ETL.py for tasks to queue
[2025-04-22T05:42:13.426+0000] {logging_mixin.py:190} INFO - [2025-04-22T05:42:13.425+0000] {dagbag.py:587} INFO - Filling up the DagBag from /opt/airflow/dags/Lab2_ETL.py
[2025-04-22T05:42:13.470+0000] {processor.py:925} INFO - DAG(s) 'law_enforcement_ETL' retrieved from /opt/airflow/dags/Lab2_ETL.py
[2025-04-22T05:42:13.489+0000] {logging_mixin.py:190} INFO - [2025-04-22T05:42:13.489+0000] {dag.py:3229} INFO - Sync 1 DAGs
[2025-04-22T05:42:13.513+0000] {logging_mixin.py:190} INFO - [2025-04-22T05:42:13.513+0000] {dag.py:4156} INFO - Setting next_dagrun for law_enforcement_ETL to 2025-04-22 02:30:00+00:00, run_after=2025-04-23 02:30:00+00:00
[2025-04-22T05:42:13.530+0000] {processor.py:208} INFO - Processing /opt/airflow/dags/Lab2_ETL.py took 0.117 seconds
[2025-04-22T05:42:43.837+0000] {processor.py:186} INFO - Started process (PID=399) to work on /opt/airflow/dags/Lab2_ETL.py
[2025-04-22T05:42:43.838+0000] {processor.py:914} INFO - Processing file /opt/airflow/dags/Lab2_ETL.py for tasks to queue
[2025-04-22T05:42:43.846+0000] {logging_mixin.py:190} INFO - [2025-04-22T05:42:43.845+0000] {dagbag.py:587} INFO - Filling up the DagBag from /opt/airflow/dags/Lab2_ETL.py
[2025-04-22T05:42:43.913+0000] {processor.py:925} INFO - DAG(s) 'law_enforcement_ETL' retrieved from /opt/airflow/dags/Lab2_ETL.py
[2025-04-22T05:42:43.946+0000] {logging_mixin.py:190} INFO - [2025-04-22T05:42:43.945+0000] {dag.py:3229} INFO - Sync 1 DAGs
[2025-04-22T05:42:43.995+0000] {logging_mixin.py:190} INFO - [2025-04-22T05:42:43.994+0000] {dag.py:4156} INFO - Setting next_dagrun for law_enforcement_ETL to 2025-04-22 02:30:00+00:00, run_after=2025-04-23 02:30:00+00:00
[2025-04-22T05:42:44.023+0000] {processor.py:208} INFO - Processing /opt/airflow/dags/Lab2_ETL.py took 0.204 seconds
[2025-04-22T05:43:14.284+0000] {processor.py:186} INFO - Started process (PID=417) to work on /opt/airflow/dags/Lab2_ETL.py
[2025-04-22T05:43:14.286+0000] {processor.py:914} INFO - Processing file /opt/airflow/dags/Lab2_ETL.py for tasks to queue
[2025-04-22T05:43:14.292+0000] {logging_mixin.py:190} INFO - [2025-04-22T05:43:14.292+0000] {dagbag.py:587} INFO - Filling up the DagBag from /opt/airflow/dags/Lab2_ETL.py
[2025-04-22T05:43:14.389+0000] {processor.py:925} INFO - DAG(s) 'law_enforcement_ETL' retrieved from /opt/airflow/dags/Lab2_ETL.py
[2025-04-22T05:43:14.417+0000] {logging_mixin.py:190} INFO - [2025-04-22T05:43:14.416+0000] {dag.py:3229} INFO - Sync 1 DAGs
[2025-04-22T05:43:14.444+0000] {logging_mixin.py:190} INFO - [2025-04-22T05:43:14.443+0000] {dag.py:4156} INFO - Setting next_dagrun for law_enforcement_ETL to 2025-04-22 02:30:00+00:00, run_after=2025-04-23 02:30:00+00:00
[2025-04-22T05:43:14.463+0000] {processor.py:208} INFO - Processing /opt/airflow/dags/Lab2_ETL.py took 0.191 seconds
[2025-04-22T05:43:44.889+0000] {processor.py:186} INFO - Started process (PID=433) to work on /opt/airflow/dags/Lab2_ETL.py
[2025-04-22T05:43:44.890+0000] {processor.py:914} INFO - Processing file /opt/airflow/dags/Lab2_ETL.py for tasks to queue
[2025-04-22T05:43:44.893+0000] {logging_mixin.py:190} INFO - [2025-04-22T05:43:44.893+0000] {dagbag.py:587} INFO - Filling up the DagBag from /opt/airflow/dags/Lab2_ETL.py
[2025-04-22T05:43:44.936+0000] {processor.py:925} INFO - DAG(s) 'law_enforcement_ETL' retrieved from /opt/airflow/dags/Lab2_ETL.py
[2025-04-22T05:43:44.954+0000] {logging_mixin.py:190} INFO - [2025-04-22T05:43:44.953+0000] {dag.py:3229} INFO - Sync 1 DAGs
[2025-04-22T05:43:44.977+0000] {logging_mixin.py:190} INFO - [2025-04-22T05:43:44.977+0000] {dag.py:4156} INFO - Setting next_dagrun for law_enforcement_ETL to 2025-04-22 02:30:00+00:00, run_after=2025-04-23 02:30:00+00:00
[2025-04-22T05:43:44.998+0000] {processor.py:208} INFO - Processing /opt/airflow/dags/Lab2_ETL.py took 0.115 seconds
[2025-04-22T05:44:15.501+0000] {processor.py:186} INFO - Started process (PID=449) to work on /opt/airflow/dags/Lab2_ETL.py
[2025-04-22T05:44:15.503+0000] {processor.py:914} INFO - Processing file /opt/airflow/dags/Lab2_ETL.py for tasks to queue
[2025-04-22T05:44:15.510+0000] {logging_mixin.py:190} INFO - [2025-04-22T05:44:15.508+0000] {dagbag.py:587} INFO - Filling up the DagBag from /opt/airflow/dags/Lab2_ETL.py
[2025-04-22T05:44:15.577+0000] {processor.py:925} INFO - DAG(s) 'law_enforcement_ETL' retrieved from /opt/airflow/dags/Lab2_ETL.py
[2025-04-22T05:44:15.617+0000] {logging_mixin.py:190} INFO - [2025-04-22T05:44:15.616+0000] {dag.py:3229} INFO - Sync 1 DAGs
[2025-04-22T05:44:15.680+0000] {logging_mixin.py:190} INFO - [2025-04-22T05:44:15.679+0000] {dag.py:4156} INFO - Setting next_dagrun for law_enforcement_ETL to 2025-04-22 02:30:00+00:00, run_after=2025-04-23 02:30:00+00:00
[2025-04-22T05:44:15.717+0000] {processor.py:208} INFO - Processing /opt/airflow/dags/Lab2_ETL.py took 0.231 seconds
[2025-04-22T05:44:46.244+0000] {processor.py:186} INFO - Started process (PID=464) to work on /opt/airflow/dags/Lab2_ETL.py
[2025-04-22T05:44:46.246+0000] {processor.py:914} INFO - Processing file /opt/airflow/dags/Lab2_ETL.py for tasks to queue
[2025-04-22T05:44:46.253+0000] {logging_mixin.py:190} INFO - [2025-04-22T05:44:46.252+0000] {dagbag.py:587} INFO - Filling up the DagBag from /opt/airflow/dags/Lab2_ETL.py
[2025-04-22T05:44:46.318+0000] {processor.py:925} INFO - DAG(s) 'law_enforcement_ETL' retrieved from /opt/airflow/dags/Lab2_ETL.py
[2025-04-22T05:44:46.352+0000] {logging_mixin.py:190} INFO - [2025-04-22T05:44:46.352+0000] {dag.py:3229} INFO - Sync 1 DAGs
[2025-04-22T05:44:46.376+0000] {logging_mixin.py:190} INFO - [2025-04-22T05:44:46.375+0000] {dag.py:4156} INFO - Setting next_dagrun for law_enforcement_ETL to 2025-04-22 02:30:00+00:00, run_after=2025-04-23 02:30:00+00:00
[2025-04-22T05:44:46.395+0000] {processor.py:208} INFO - Processing /opt/airflow/dags/Lab2_ETL.py took 0.165 seconds
[2025-04-22T05:45:16.854+0000] {processor.py:186} INFO - Started process (PID=481) to work on /opt/airflow/dags/Lab2_ETL.py
[2025-04-22T05:45:16.855+0000] {processor.py:914} INFO - Processing file /opt/airflow/dags/Lab2_ETL.py for tasks to queue
[2025-04-22T05:45:16.857+0000] {logging_mixin.py:190} INFO - [2025-04-22T05:45:16.857+0000] {dagbag.py:587} INFO - Filling up the DagBag from /opt/airflow/dags/Lab2_ETL.py
[2025-04-22T05:45:16.892+0000] {processor.py:925} INFO - DAG(s) 'law_enforcement_ETL' retrieved from /opt/airflow/dags/Lab2_ETL.py
[2025-04-22T05:45:16.911+0000] {logging_mixin.py:190} INFO - [2025-04-22T05:45:16.911+0000] {dag.py:3229} INFO - Sync 1 DAGs
[2025-04-22T05:45:16.937+0000] {logging_mixin.py:190} INFO - [2025-04-22T05:45:16.937+0000] {dag.py:4156} INFO - Setting next_dagrun for law_enforcement_ETL to 2025-04-22 02:30:00+00:00, run_after=2025-04-23 02:30:00+00:00
[2025-04-22T05:45:16.954+0000] {processor.py:208} INFO - Processing /opt/airflow/dags/Lab2_ETL.py took 0.110 seconds
[2025-04-22T05:45:47.443+0000] {processor.py:186} INFO - Started process (PID=497) to work on /opt/airflow/dags/Lab2_ETL.py
[2025-04-22T05:45:47.444+0000] {processor.py:914} INFO - Processing file /opt/airflow/dags/Lab2_ETL.py for tasks to queue
[2025-04-22T05:45:47.446+0000] {logging_mixin.py:190} INFO - [2025-04-22T05:45:47.446+0000] {dagbag.py:587} INFO - Filling up the DagBag from /opt/airflow/dags/Lab2_ETL.py
[2025-04-22T05:45:47.478+0000] {processor.py:925} INFO - DAG(s) 'law_enforcement_ETL' retrieved from /opt/airflow/dags/Lab2_ETL.py
[2025-04-22T05:45:47.494+0000] {logging_mixin.py:190} INFO - [2025-04-22T05:45:47.494+0000] {dag.py:3229} INFO - Sync 1 DAGs
[2025-04-22T05:45:47.516+0000] {logging_mixin.py:190} INFO - [2025-04-22T05:45:47.516+0000] {dag.py:4156} INFO - Setting next_dagrun for law_enforcement_ETL to 2025-04-22 02:30:00+00:00, run_after=2025-04-23 02:30:00+00:00
[2025-04-22T05:45:47.537+0000] {processor.py:208} INFO - Processing /opt/airflow/dags/Lab2_ETL.py took 0.099 seconds
[2025-04-22T05:46:18.051+0000] {processor.py:186} INFO - Started process (PID=513) to work on /opt/airflow/dags/Lab2_ETL.py
[2025-04-22T05:46:18.052+0000] {processor.py:914} INFO - Processing file /opt/airflow/dags/Lab2_ETL.py for tasks to queue
[2025-04-22T05:46:18.055+0000] {logging_mixin.py:190} INFO - [2025-04-22T05:46:18.055+0000] {dagbag.py:587} INFO - Filling up the DagBag from /opt/airflow/dags/Lab2_ETL.py
[2025-04-22T05:46:18.090+0000] {processor.py:925} INFO - DAG(s) 'law_enforcement_ETL' retrieved from /opt/airflow/dags/Lab2_ETL.py
[2025-04-22T05:46:18.107+0000] {logging_mixin.py:190} INFO - [2025-04-22T05:46:18.106+0000] {dag.py:3229} INFO - Sync 1 DAGs
[2025-04-22T05:46:18.130+0000] {logging_mixin.py:190} INFO - [2025-04-22T05:46:18.130+0000] {dag.py:4156} INFO - Setting next_dagrun for law_enforcement_ETL to 2025-04-22 02:30:00+00:00, run_after=2025-04-23 02:30:00+00:00
[2025-04-22T05:46:18.149+0000] {processor.py:208} INFO - Processing /opt/airflow/dags/Lab2_ETL.py took 0.104 seconds
[2025-04-22T05:46:48.643+0000] {processor.py:186} INFO - Started process (PID=531) to work on /opt/airflow/dags/Lab2_ETL.py
[2025-04-22T05:46:48.645+0000] {processor.py:914} INFO - Processing file /opt/airflow/dags/Lab2_ETL.py for tasks to queue
[2025-04-22T05:46:48.648+0000] {logging_mixin.py:190} INFO - [2025-04-22T05:46:48.647+0000] {dagbag.py:587} INFO - Filling up the DagBag from /opt/airflow/dags/Lab2_ETL.py
[2025-04-22T05:46:48.695+0000] {processor.py:925} INFO - DAG(s) 'law_enforcement_ETL' retrieved from /opt/airflow/dags/Lab2_ETL.py
[2025-04-22T05:46:48.713+0000] {logging_mixin.py:190} INFO - [2025-04-22T05:46:48.713+0000] {dag.py:3229} INFO - Sync 1 DAGs
[2025-04-22T05:46:48.739+0000] {logging_mixin.py:190} INFO - [2025-04-22T05:46:48.739+0000] {dag.py:4156} INFO - Setting next_dagrun for law_enforcement_ETL to 2025-04-22 02:30:00+00:00, run_after=2025-04-23 02:30:00+00:00
[2025-04-22T05:46:48.763+0000] {processor.py:208} INFO - Processing /opt/airflow/dags/Lab2_ETL.py took 0.132 seconds
[2025-04-22T05:47:19.407+0000] {processor.py:186} INFO - Started process (PID=547) to work on /opt/airflow/dags/Lab2_ETL.py
[2025-04-22T05:47:19.409+0000] {processor.py:914} INFO - Processing file /opt/airflow/dags/Lab2_ETL.py for tasks to queue
[2025-04-22T05:47:19.413+0000] {logging_mixin.py:190} INFO - [2025-04-22T05:47:19.412+0000] {dagbag.py:587} INFO - Filling up the DagBag from /opt/airflow/dags/Lab2_ETL.py
[2025-04-22T05:47:19.473+0000] {processor.py:925} INFO - DAG(s) 'law_enforcement_ETL' retrieved from /opt/airflow/dags/Lab2_ETL.py
[2025-04-22T05:47:19.503+0000] {logging_mixin.py:190} INFO - [2025-04-22T05:47:19.502+0000] {dag.py:3229} INFO - Sync 1 DAGs
[2025-04-22T05:47:19.542+0000] {logging_mixin.py:190} INFO - [2025-04-22T05:47:19.542+0000] {dag.py:4156} INFO - Setting next_dagrun for law_enforcement_ETL to 2025-04-22 02:30:00+00:00, run_after=2025-04-23 02:30:00+00:00
[2025-04-22T05:47:19.570+0000] {processor.py:208} INFO - Processing /opt/airflow/dags/Lab2_ETL.py took 0.175 seconds
[2025-04-22T05:47:50.063+0000] {processor.py:186} INFO - Started process (PID=563) to work on /opt/airflow/dags/Lab2_ETL.py
[2025-04-22T05:47:50.064+0000] {processor.py:914} INFO - Processing file /opt/airflow/dags/Lab2_ETL.py for tasks to queue
[2025-04-22T05:47:50.070+0000] {logging_mixin.py:190} INFO - [2025-04-22T05:47:50.069+0000] {dagbag.py:587} INFO - Filling up the DagBag from /opt/airflow/dags/Lab2_ETL.py
[2025-04-22T05:47:50.142+0000] {processor.py:925} INFO - DAG(s) 'law_enforcement_ETL' retrieved from /opt/airflow/dags/Lab2_ETL.py
[2025-04-22T05:47:50.181+0000] {logging_mixin.py:190} INFO - [2025-04-22T05:47:50.180+0000] {dag.py:3229} INFO - Sync 1 DAGs
[2025-04-22T05:47:50.231+0000] {logging_mixin.py:190} INFO - [2025-04-22T05:47:50.231+0000] {dag.py:4156} INFO - Setting next_dagrun for law_enforcement_ETL to 2025-04-22 02:30:00+00:00, run_after=2025-04-23 02:30:00+00:00
[2025-04-22T05:47:50.254+0000] {processor.py:208} INFO - Processing /opt/airflow/dags/Lab2_ETL.py took 0.206 seconds
[2025-04-22T05:48:20.693+0000] {processor.py:186} INFO - Started process (PID=579) to work on /opt/airflow/dags/Lab2_ETL.py
[2025-04-22T05:48:20.694+0000] {processor.py:914} INFO - Processing file /opt/airflow/dags/Lab2_ETL.py for tasks to queue
[2025-04-22T05:48:20.697+0000] {logging_mixin.py:190} INFO - [2025-04-22T05:48:20.696+0000] {dagbag.py:587} INFO - Filling up the DagBag from /opt/airflow/dags/Lab2_ETL.py
[2025-04-22T05:48:20.732+0000] {processor.py:925} INFO - DAG(s) 'law_enforcement_ETL' retrieved from /opt/airflow/dags/Lab2_ETL.py
[2025-04-22T05:48:20.749+0000] {logging_mixin.py:190} INFO - [2025-04-22T05:48:20.748+0000] {dag.py:3229} INFO - Sync 1 DAGs
[2025-04-22T05:48:20.773+0000] {logging_mixin.py:190} INFO - [2025-04-22T05:48:20.773+0000] {dag.py:4156} INFO - Setting next_dagrun for law_enforcement_ETL to 2025-04-22 02:30:00+00:00, run_after=2025-04-23 02:30:00+00:00
[2025-04-22T05:48:20.797+0000] {processor.py:208} INFO - Processing /opt/airflow/dags/Lab2_ETL.py took 0.111 seconds
[2025-04-22T05:48:51.212+0000] {processor.py:186} INFO - Started process (PID=595) to work on /opt/airflow/dags/Lab2_ETL.py
[2025-04-22T05:48:51.213+0000] {processor.py:914} INFO - Processing file /opt/airflow/dags/Lab2_ETL.py for tasks to queue
[2025-04-22T05:48:51.217+0000] {logging_mixin.py:190} INFO - [2025-04-22T05:48:51.217+0000] {dagbag.py:587} INFO - Filling up the DagBag from /opt/airflow/dags/Lab2_ETL.py
[2025-04-22T05:48:51.272+0000] {processor.py:925} INFO - DAG(s) 'law_enforcement_ETL' retrieved from /opt/airflow/dags/Lab2_ETL.py
[2025-04-22T05:48:51.302+0000] {logging_mixin.py:190} INFO - [2025-04-22T05:48:51.301+0000] {dag.py:3229} INFO - Sync 1 DAGs
[2025-04-22T05:48:51.334+0000] {logging_mixin.py:190} INFO - [2025-04-22T05:48:51.334+0000] {dag.py:4156} INFO - Setting next_dagrun for law_enforcement_ETL to 2025-04-22 02:30:00+00:00, run_after=2025-04-23 02:30:00+00:00
[2025-04-22T05:48:51.356+0000] {processor.py:208} INFO - Processing /opt/airflow/dags/Lab2_ETL.py took 0.155 seconds
[2025-04-22T05:49:21.830+0000] {processor.py:186} INFO - Started process (PID=611) to work on /opt/airflow/dags/Lab2_ETL.py
[2025-04-22T05:49:21.831+0000] {processor.py:914} INFO - Processing file /opt/airflow/dags/Lab2_ETL.py for tasks to queue
[2025-04-22T05:49:21.835+0000] {logging_mixin.py:190} INFO - [2025-04-22T05:49:21.834+0000] {dagbag.py:587} INFO - Filling up the DagBag from /opt/airflow/dags/Lab2_ETL.py
[2025-04-22T05:49:21.896+0000] {processor.py:925} INFO - DAG(s) 'law_enforcement_ETL' retrieved from /opt/airflow/dags/Lab2_ETL.py
[2025-04-22T05:49:21.932+0000] {logging_mixin.py:190} INFO - [2025-04-22T05:49:21.931+0000] {dag.py:3229} INFO - Sync 1 DAGs
[2025-04-22T05:49:21.966+0000] {logging_mixin.py:190} INFO - [2025-04-22T05:49:21.966+0000] {dag.py:4156} INFO - Setting next_dagrun for law_enforcement_ETL to 2025-04-22 02:30:00+00:00, run_after=2025-04-23 02:30:00+00:00
[2025-04-22T05:49:21.991+0000] {processor.py:208} INFO - Processing /opt/airflow/dags/Lab2_ETL.py took 0.170 seconds
[2025-04-22T05:49:52.448+0000] {processor.py:186} INFO - Started process (PID=627) to work on /opt/airflow/dags/Lab2_ETL.py
[2025-04-22T05:49:52.450+0000] {processor.py:914} INFO - Processing file /opt/airflow/dags/Lab2_ETL.py for tasks to queue
[2025-04-22T05:49:52.452+0000] {logging_mixin.py:190} INFO - [2025-04-22T05:49:52.452+0000] {dagbag.py:587} INFO - Filling up the DagBag from /opt/airflow/dags/Lab2_ETL.py
[2025-04-22T05:49:52.502+0000] {processor.py:925} INFO - DAG(s) 'law_enforcement_ETL' retrieved from /opt/airflow/dags/Lab2_ETL.py
[2025-04-22T05:49:52.526+0000] {logging_mixin.py:190} INFO - [2025-04-22T05:49:52.526+0000] {dag.py:3229} INFO - Sync 1 DAGs
[2025-04-22T05:49:52.559+0000] {logging_mixin.py:190} INFO - [2025-04-22T05:49:52.559+0000] {dag.py:4156} INFO - Setting next_dagrun for law_enforcement_ETL to 2025-04-22 02:30:00+00:00, run_after=2025-04-23 02:30:00+00:00
[2025-04-22T05:49:52.578+0000] {processor.py:208} INFO - Processing /opt/airflow/dags/Lab2_ETL.py took 0.136 seconds
[2025-04-22T05:50:23.037+0000] {processor.py:186} INFO - Started process (PID=643) to work on /opt/airflow/dags/Lab2_ETL.py
[2025-04-22T05:50:23.039+0000] {processor.py:914} INFO - Processing file /opt/airflow/dags/Lab2_ETL.py for tasks to queue
[2025-04-22T05:50:23.041+0000] {logging_mixin.py:190} INFO - [2025-04-22T05:50:23.041+0000] {dagbag.py:587} INFO - Filling up the DagBag from /opt/airflow/dags/Lab2_ETL.py
[2025-04-22T05:50:23.076+0000] {processor.py:925} INFO - DAG(s) 'law_enforcement_ETL' retrieved from /opt/airflow/dags/Lab2_ETL.py
[2025-04-22T05:50:23.095+0000] {logging_mixin.py:190} INFO - [2025-04-22T05:50:23.094+0000] {dag.py:3229} INFO - Sync 1 DAGs
[2025-04-22T05:50:23.123+0000] {logging_mixin.py:190} INFO - [2025-04-22T05:50:23.123+0000] {dag.py:4156} INFO - Setting next_dagrun for law_enforcement_ETL to 2025-04-22 02:30:00+00:00, run_after=2025-04-23 02:30:00+00:00
[2025-04-22T05:50:23.143+0000] {processor.py:208} INFO - Processing /opt/airflow/dags/Lab2_ETL.py took 0.116 seconds
[2025-04-22T05:50:53.667+0000] {processor.py:186} INFO - Started process (PID=660) to work on /opt/airflow/dags/Lab2_ETL.py
[2025-04-22T05:50:53.669+0000] {processor.py:914} INFO - Processing file /opt/airflow/dags/Lab2_ETL.py for tasks to queue
[2025-04-22T05:50:53.675+0000] {logging_mixin.py:190} INFO - [2025-04-22T05:50:53.674+0000] {dagbag.py:587} INFO - Filling up the DagBag from /opt/airflow/dags/Lab2_ETL.py
[2025-04-22T05:50:53.753+0000] {processor.py:925} INFO - DAG(s) 'law_enforcement_ETL' retrieved from /opt/airflow/dags/Lab2_ETL.py
[2025-04-22T05:50:53.792+0000] {logging_mixin.py:190} INFO - [2025-04-22T05:50:53.792+0000] {dag.py:3229} INFO - Sync 1 DAGs
[2025-04-22T05:50:53.821+0000] {logging_mixin.py:190} INFO - [2025-04-22T05:50:53.821+0000] {dag.py:4156} INFO - Setting next_dagrun for law_enforcement_ETL to 2025-04-22 02:30:00+00:00, run_after=2025-04-23 02:30:00+00:00
[2025-04-22T05:50:53.841+0000] {processor.py:208} INFO - Processing /opt/airflow/dags/Lab2_ETL.py took 0.192 seconds
[2025-04-22T05:51:24.353+0000] {processor.py:186} INFO - Started process (PID=676) to work on /opt/airflow/dags/Lab2_ETL.py
[2025-04-22T05:51:24.354+0000] {processor.py:914} INFO - Processing file /opt/airflow/dags/Lab2_ETL.py for tasks to queue
[2025-04-22T05:51:24.357+0000] {logging_mixin.py:190} INFO - [2025-04-22T05:51:24.357+0000] {dagbag.py:587} INFO - Filling up the DagBag from /opt/airflow/dags/Lab2_ETL.py
[2025-04-22T05:51:24.395+0000] {processor.py:925} INFO - DAG(s) 'law_enforcement_ETL' retrieved from /opt/airflow/dags/Lab2_ETL.py
[2025-04-22T05:51:24.413+0000] {logging_mixin.py:190} INFO - [2025-04-22T05:51:24.413+0000] {dag.py:3229} INFO - Sync 1 DAGs
[2025-04-22T05:51:24.437+0000] {logging_mixin.py:190} INFO - [2025-04-22T05:51:24.437+0000] {dag.py:4156} INFO - Setting next_dagrun for law_enforcement_ETL to 2025-04-22 02:30:00+00:00, run_after=2025-04-23 02:30:00+00:00
[2025-04-22T05:51:24.456+0000] {processor.py:208} INFO - Processing /opt/airflow/dags/Lab2_ETL.py took 0.111 seconds
[2025-04-22T05:51:54.955+0000] {processor.py:186} INFO - Started process (PID=692) to work on /opt/airflow/dags/Lab2_ETL.py
[2025-04-22T05:51:54.956+0000] {processor.py:914} INFO - Processing file /opt/airflow/dags/Lab2_ETL.py for tasks to queue
[2025-04-22T05:51:54.961+0000] {logging_mixin.py:190} INFO - [2025-04-22T05:51:54.960+0000] {dagbag.py:587} INFO - Filling up the DagBag from /opt/airflow/dags/Lab2_ETL.py
[2025-04-22T05:51:55.014+0000] {processor.py:925} INFO - DAG(s) 'law_enforcement_ETL' retrieved from /opt/airflow/dags/Lab2_ETL.py
[2025-04-22T05:51:55.042+0000] {logging_mixin.py:190} INFO - [2025-04-22T05:51:55.041+0000] {dag.py:3229} INFO - Sync 1 DAGs
[2025-04-22T05:51:55.082+0000] {logging_mixin.py:190} INFO - [2025-04-22T05:51:55.082+0000] {dag.py:4156} INFO - Setting next_dagrun for law_enforcement_ETL to 2025-04-22 02:30:00+00:00, run_after=2025-04-23 02:30:00+00:00
[2025-04-22T05:51:55.121+0000] {processor.py:208} INFO - Processing /opt/airflow/dags/Lab2_ETL.py took 0.179 seconds
[2025-04-22T05:52:25.655+0000] {processor.py:186} INFO - Started process (PID=708) to work on /opt/airflow/dags/Lab2_ETL.py
[2025-04-22T05:52:25.657+0000] {processor.py:914} INFO - Processing file /opt/airflow/dags/Lab2_ETL.py for tasks to queue
[2025-04-22T05:52:25.661+0000] {logging_mixin.py:190} INFO - [2025-04-22T05:52:25.661+0000] {dagbag.py:587} INFO - Filling up the DagBag from /opt/airflow/dags/Lab2_ETL.py
[2025-04-22T05:52:25.714+0000] {processor.py:925} INFO - DAG(s) 'law_enforcement_ETL' retrieved from /opt/airflow/dags/Lab2_ETL.py
[2025-04-22T05:52:25.741+0000] {logging_mixin.py:190} INFO - [2025-04-22T05:52:25.740+0000] {dag.py:3229} INFO - Sync 1 DAGs
[2025-04-22T05:52:25.777+0000] {logging_mixin.py:190} INFO - [2025-04-22T05:52:25.776+0000] {dag.py:4156} INFO - Setting next_dagrun for law_enforcement_ETL to 2025-04-22 02:30:00+00:00, run_after=2025-04-23 02:30:00+00:00
[2025-04-22T05:52:25.807+0000] {processor.py:208} INFO - Processing /opt/airflow/dags/Lab2_ETL.py took 0.162 seconds
[2025-04-22T05:52:55.913+0000] {processor.py:186} INFO - Started process (PID=721) to work on /opt/airflow/dags/Lab2_ETL.py
[2025-04-22T05:52:55.916+0000] {processor.py:914} INFO - Processing file /opt/airflow/dags/Lab2_ETL.py for tasks to queue
[2025-04-22T05:52:55.921+0000] {logging_mixin.py:190} INFO - [2025-04-22T05:52:55.921+0000] {dagbag.py:587} INFO - Filling up the DagBag from /opt/airflow/dags/Lab2_ETL.py
[2025-04-22T05:52:56.001+0000] {processor.py:925} INFO - DAG(s) 'law_enforcement_ETL' retrieved from /opt/airflow/dags/Lab2_ETL.py
[2025-04-22T05:52:56.042+0000] {logging_mixin.py:190} INFO - [2025-04-22T05:52:56.041+0000] {dag.py:3229} INFO - Sync 1 DAGs
[2025-04-22T05:52:56.098+0000] {logging_mixin.py:190} INFO - [2025-04-22T05:52:56.098+0000] {dag.py:4156} INFO - Setting next_dagrun for law_enforcement_ETL to 2025-04-22 02:30:00+00:00, run_after=2025-04-23 02:30:00+00:00
[2025-04-22T05:52:56.137+0000] {processor.py:208} INFO - Processing /opt/airflow/dags/Lab2_ETL.py took 0.244 seconds
[2025-04-22T05:53:26.697+0000] {processor.py:186} INFO - Started process (PID=736) to work on /opt/airflow/dags/Lab2_ETL.py
[2025-04-22T05:53:26.698+0000] {processor.py:914} INFO - Processing file /opt/airflow/dags/Lab2_ETL.py for tasks to queue
[2025-04-22T05:53:26.703+0000] {logging_mixin.py:190} INFO - [2025-04-22T05:53:26.702+0000] {dagbag.py:587} INFO - Filling up the DagBag from /opt/airflow/dags/Lab2_ETL.py
[2025-04-22T05:53:26.764+0000] {processor.py:925} INFO - DAG(s) 'law_enforcement_ETL' retrieved from /opt/airflow/dags/Lab2_ETL.py
[2025-04-22T05:53:26.800+0000] {logging_mixin.py:190} INFO - [2025-04-22T05:53:26.800+0000] {dag.py:3229} INFO - Sync 1 DAGs
[2025-04-22T05:53:26.853+0000] {logging_mixin.py:190} INFO - [2025-04-22T05:53:26.853+0000] {dag.py:4156} INFO - Setting next_dagrun for law_enforcement_ETL to 2025-04-22 02:30:00+00:00, run_after=2025-04-23 02:30:00+00:00
[2025-04-22T05:53:26.886+0000] {processor.py:208} INFO - Processing /opt/airflow/dags/Lab2_ETL.py took 0.201 seconds
[2025-04-22T05:53:57.402+0000] {processor.py:186} INFO - Started process (PID=752) to work on /opt/airflow/dags/Lab2_ETL.py
[2025-04-22T05:53:57.402+0000] {processor.py:914} INFO - Processing file /opt/airflow/dags/Lab2_ETL.py for tasks to queue
[2025-04-22T05:53:57.405+0000] {logging_mixin.py:190} INFO - [2025-04-22T05:53:57.404+0000] {dagbag.py:587} INFO - Filling up the DagBag from /opt/airflow/dags/Lab2_ETL.py
[2025-04-22T05:53:57.432+0000] {processor.py:925} INFO - DAG(s) 'law_enforcement_ETL' retrieved from /opt/airflow/dags/Lab2_ETL.py
[2025-04-22T05:53:57.448+0000] {logging_mixin.py:190} INFO - [2025-04-22T05:53:57.448+0000] {dag.py:3229} INFO - Sync 1 DAGs
[2025-04-22T05:53:57.469+0000] {logging_mixin.py:190} INFO - [2025-04-22T05:53:57.469+0000] {dag.py:4156} INFO - Setting next_dagrun for law_enforcement_ETL to 2025-04-22 02:30:00+00:00, run_after=2025-04-23 02:30:00+00:00
[2025-04-22T05:53:57.484+0000] {processor.py:208} INFO - Processing /opt/airflow/dags/Lab2_ETL.py took 0.088 seconds
[2025-04-22T05:54:27.947+0000] {processor.py:186} INFO - Started process (PID=768) to work on /opt/airflow/dags/Lab2_ETL.py
[2025-04-22T05:54:27.949+0000] {processor.py:914} INFO - Processing file /opt/airflow/dags/Lab2_ETL.py for tasks to queue
[2025-04-22T05:54:27.953+0000] {logging_mixin.py:190} INFO - [2025-04-22T05:54:27.953+0000] {dagbag.py:587} INFO - Filling up the DagBag from /opt/airflow/dags/Lab2_ETL.py
[2025-04-22T05:54:28.014+0000] {processor.py:925} INFO - DAG(s) 'law_enforcement_ETL' retrieved from /opt/airflow/dags/Lab2_ETL.py
[2025-04-22T05:54:28.046+0000] {logging_mixin.py:190} INFO - [2025-04-22T05:54:28.045+0000] {dag.py:3229} INFO - Sync 1 DAGs
[2025-04-22T05:54:28.073+0000] {logging_mixin.py:190} INFO - [2025-04-22T05:54:28.073+0000] {dag.py:4156} INFO - Setting next_dagrun for law_enforcement_ETL to 2025-04-22 02:30:00+00:00, run_after=2025-04-23 02:30:00+00:00
[2025-04-22T05:54:28.095+0000] {processor.py:208} INFO - Processing /opt/airflow/dags/Lab2_ETL.py took 0.157 seconds
[2025-04-22T05:54:58.401+0000] {processor.py:186} INFO - Started process (PID=783) to work on /opt/airflow/dags/Lab2_ETL.py
[2025-04-22T05:54:58.403+0000] {processor.py:914} INFO - Processing file /opt/airflow/dags/Lab2_ETL.py for tasks to queue
[2025-04-22T05:54:58.409+0000] {logging_mixin.py:190} INFO - [2025-04-22T05:54:58.408+0000] {dagbag.py:587} INFO - Filling up the DagBag from /opt/airflow/dags/Lab2_ETL.py
[2025-04-22T05:54:58.484+0000] {processor.py:925} INFO - DAG(s) 'law_enforcement_ETL' retrieved from /opt/airflow/dags/Lab2_ETL.py
[2025-04-22T05:54:58.522+0000] {logging_mixin.py:190} INFO - [2025-04-22T05:54:58.521+0000] {dag.py:3229} INFO - Sync 1 DAGs
[2025-04-22T05:54:58.579+0000] {logging_mixin.py:190} INFO - [2025-04-22T05:54:58.578+0000] {dag.py:4156} INFO - Setting next_dagrun for law_enforcement_ETL to 2025-04-22 02:30:00+00:00, run_after=2025-04-23 02:30:00+00:00
[2025-04-22T05:54:58.623+0000] {processor.py:208} INFO - Processing /opt/airflow/dags/Lab2_ETL.py took 0.237 seconds
[2025-04-22T05:55:29.127+0000] {processor.py:186} INFO - Started process (PID=800) to work on /opt/airflow/dags/Lab2_ETL.py
[2025-04-22T05:55:29.129+0000] {processor.py:914} INFO - Processing file /opt/airflow/dags/Lab2_ETL.py for tasks to queue
[2025-04-22T05:55:29.133+0000] {logging_mixin.py:190} INFO - [2025-04-22T05:55:29.132+0000] {dagbag.py:587} INFO - Filling up the DagBag from /opt/airflow/dags/Lab2_ETL.py
[2025-04-22T05:55:29.192+0000] {processor.py:925} INFO - DAG(s) 'law_enforcement_ETL' retrieved from /opt/airflow/dags/Lab2_ETL.py
[2025-04-22T05:55:29.219+0000] {logging_mixin.py:190} INFO - [2025-04-22T05:55:29.219+0000] {dag.py:3229} INFO - Sync 1 DAGs
[2025-04-22T05:55:29.252+0000] {logging_mixin.py:190} INFO - [2025-04-22T05:55:29.252+0000] {dag.py:4156} INFO - Setting next_dagrun for law_enforcement_ETL to 2025-04-22 02:30:00+00:00, run_after=2025-04-23 02:30:00+00:00
[2025-04-22T05:55:29.273+0000] {processor.py:208} INFO - Processing /opt/airflow/dags/Lab2_ETL.py took 0.155 seconds
[2025-04-22T05:55:59.760+0000] {processor.py:186} INFO - Started process (PID=816) to work on /opt/airflow/dags/Lab2_ETL.py
[2025-04-22T05:55:59.763+0000] {processor.py:914} INFO - Processing file /opt/airflow/dags/Lab2_ETL.py for tasks to queue
[2025-04-22T05:55:59.772+0000] {logging_mixin.py:190} INFO - [2025-04-22T05:55:59.771+0000] {dagbag.py:587} INFO - Filling up the DagBag from /opt/airflow/dags/Lab2_ETL.py
[2025-04-22T05:55:59.829+0000] {processor.py:925} INFO - DAG(s) 'law_enforcement_ETL' retrieved from /opt/airflow/dags/Lab2_ETL.py
[2025-04-22T05:55:59.861+0000] {logging_mixin.py:190} INFO - [2025-04-22T05:55:59.860+0000] {dag.py:3229} INFO - Sync 1 DAGs
[2025-04-22T05:55:59.894+0000] {logging_mixin.py:190} INFO - [2025-04-22T05:55:59.893+0000] {dag.py:4156} INFO - Setting next_dagrun for law_enforcement_ETL to 2025-04-22 02:30:00+00:00, run_after=2025-04-23 02:30:00+00:00
[2025-04-22T05:55:59.922+0000] {processor.py:208} INFO - Processing /opt/airflow/dags/Lab2_ETL.py took 0.182 seconds
[2025-04-22T05:56:30.422+0000] {processor.py:186} INFO - Started process (PID=832) to work on /opt/airflow/dags/Lab2_ETL.py
[2025-04-22T05:56:30.424+0000] {processor.py:914} INFO - Processing file /opt/airflow/dags/Lab2_ETL.py for tasks to queue
[2025-04-22T05:56:30.429+0000] {logging_mixin.py:190} INFO - [2025-04-22T05:56:30.429+0000] {dagbag.py:587} INFO - Filling up the DagBag from /opt/airflow/dags/Lab2_ETL.py
[2025-04-22T05:56:30.483+0000] {processor.py:925} INFO - DAG(s) 'law_enforcement_ETL' retrieved from /opt/airflow/dags/Lab2_ETL.py
[2025-04-22T05:56:30.512+0000] {logging_mixin.py:190} INFO - [2025-04-22T05:56:30.511+0000] {dag.py:3229} INFO - Sync 1 DAGs
[2025-04-22T05:56:30.549+0000] {logging_mixin.py:190} INFO - [2025-04-22T05:56:30.549+0000] {dag.py:4156} INFO - Setting next_dagrun for law_enforcement_ETL to 2025-04-22 02:30:00+00:00, run_after=2025-04-23 02:30:00+00:00
[2025-04-22T05:56:30.581+0000] {processor.py:208} INFO - Processing /opt/airflow/dags/Lab2_ETL.py took 0.167 seconds
[2025-04-22T05:57:01.063+0000] {processor.py:186} INFO - Started process (PID=847) to work on /opt/airflow/dags/Lab2_ETL.py
[2025-04-22T05:57:01.064+0000] {processor.py:914} INFO - Processing file /opt/airflow/dags/Lab2_ETL.py for tasks to queue
[2025-04-22T05:57:01.067+0000] {logging_mixin.py:190} INFO - [2025-04-22T05:57:01.067+0000] {dagbag.py:587} INFO - Filling up the DagBag from /opt/airflow/dags/Lab2_ETL.py
[2025-04-22T05:57:01.116+0000] {processor.py:925} INFO - DAG(s) 'law_enforcement_ETL' retrieved from /opt/airflow/dags/Lab2_ETL.py
[2025-04-22T05:57:01.135+0000] {logging_mixin.py:190} INFO - [2025-04-22T05:57:01.135+0000] {dag.py:3229} INFO - Sync 1 DAGs
[2025-04-22T05:57:01.163+0000] {logging_mixin.py:190} INFO - [2025-04-22T05:57:01.162+0000] {dag.py:4156} INFO - Setting next_dagrun for law_enforcement_ETL to 2025-04-22 02:30:00+00:00, run_after=2025-04-23 02:30:00+00:00
[2025-04-22T05:57:01.183+0000] {processor.py:208} INFO - Processing /opt/airflow/dags/Lab2_ETL.py took 0.127 seconds
[2025-04-22T05:57:32.030+0000] {processor.py:186} INFO - Started process (PID=883) to work on /opt/airflow/dags/Lab2_ETL.py
[2025-04-22T05:57:32.032+0000] {processor.py:914} INFO - Processing file /opt/airflow/dags/Lab2_ETL.py for tasks to queue
[2025-04-22T05:57:32.037+0000] {logging_mixin.py:190} INFO - [2025-04-22T05:57:32.036+0000] {dagbag.py:587} INFO - Filling up the DagBag from /opt/airflow/dags/Lab2_ETL.py
[2025-04-22T05:57:32.114+0000] {processor.py:925} INFO - DAG(s) 'law_enforcement_ETL' retrieved from /opt/airflow/dags/Lab2_ETL.py
[2025-04-22T05:57:32.143+0000] {logging_mixin.py:190} INFO - [2025-04-22T05:57:32.142+0000] {dag.py:3229} INFO - Sync 1 DAGs
[2025-04-22T05:57:32.164+0000] {logging_mixin.py:190} INFO - [2025-04-22T05:57:32.163+0000] {dag.py:4156} INFO - Setting next_dagrun for law_enforcement_ETL to 2025-04-22 02:30:00+00:00, run_after=2025-04-23 02:30:00+00:00
[2025-04-22T05:57:32.180+0000] {processor.py:208} INFO - Processing /opt/airflow/dags/Lab2_ETL.py took 0.163 seconds
[2025-04-22T05:58:02.808+0000] {processor.py:186} INFO - Started process (PID=914) to work on /opt/airflow/dags/Lab2_ETL.py
[2025-04-22T05:58:02.809+0000] {processor.py:914} INFO - Processing file /opt/airflow/dags/Lab2_ETL.py for tasks to queue
[2025-04-22T05:58:02.813+0000] {logging_mixin.py:190} INFO - [2025-04-22T05:58:02.812+0000] {dagbag.py:587} INFO - Filling up the DagBag from /opt/airflow/dags/Lab2_ETL.py
[2025-04-22T05:58:02.850+0000] {processor.py:925} INFO - DAG(s) 'law_enforcement_ETL' retrieved from /opt/airflow/dags/Lab2_ETL.py
[2025-04-22T05:58:02.870+0000] {logging_mixin.py:190} INFO - [2025-04-22T05:58:02.869+0000] {dag.py:3229} INFO - Sync 1 DAGs
[2025-04-22T05:58:02.906+0000] {logging_mixin.py:190} INFO - [2025-04-22T05:58:02.906+0000] {dag.py:4156} INFO - Setting next_dagrun for law_enforcement_ETL to 2025-04-22 02:30:00+00:00, run_after=2025-04-23 02:30:00+00:00
[2025-04-22T05:58:02.927+0000] {processor.py:208} INFO - Processing /opt/airflow/dags/Lab2_ETL.py took 0.126 seconds
[2025-04-22T05:58:33.700+0000] {processor.py:186} INFO - Started process (PID=945) to work on /opt/airflow/dags/Lab2_ETL.py
[2025-04-22T05:58:33.702+0000] {processor.py:914} INFO - Processing file /opt/airflow/dags/Lab2_ETL.py for tasks to queue
[2025-04-22T05:58:33.709+0000] {logging_mixin.py:190} INFO - [2025-04-22T05:58:33.708+0000] {dagbag.py:587} INFO - Filling up the DagBag from /opt/airflow/dags/Lab2_ETL.py
[2025-04-22T05:58:33.788+0000] {processor.py:925} INFO - DAG(s) 'law_enforcement_ETL' retrieved from /opt/airflow/dags/Lab2_ETL.py
[2025-04-22T05:58:33.834+0000] {logging_mixin.py:190} INFO - [2025-04-22T05:58:33.833+0000] {dag.py:3229} INFO - Sync 1 DAGs
[2025-04-22T05:58:33.891+0000] {logging_mixin.py:190} INFO - [2025-04-22T05:58:33.890+0000] {dag.py:4156} INFO - Setting next_dagrun for law_enforcement_ETL to 2025-04-22 02:30:00+00:00, run_after=2025-04-23 02:30:00+00:00
[2025-04-22T05:58:33.936+0000] {processor.py:208} INFO - Processing /opt/airflow/dags/Lab2_ETL.py took 0.250 seconds
[2025-04-22T05:59:04.431+0000] {processor.py:186} INFO - Started process (PID=976) to work on /opt/airflow/dags/Lab2_ETL.py
[2025-04-22T05:59:04.434+0000] {processor.py:914} INFO - Processing file /opt/airflow/dags/Lab2_ETL.py for tasks to queue
[2025-04-22T05:59:04.441+0000] {logging_mixin.py:190} INFO - [2025-04-22T05:59:04.440+0000] {dagbag.py:587} INFO - Filling up the DagBag from /opt/airflow/dags/Lab2_ETL.py
[2025-04-22T05:59:04.523+0000] {processor.py:925} INFO - DAG(s) 'law_enforcement_ETL' retrieved from /opt/airflow/dags/Lab2_ETL.py
[2025-04-22T05:59:04.575+0000] {logging_mixin.py:190} INFO - [2025-04-22T05:59:04.574+0000] {dag.py:3229} INFO - Sync 1 DAGs
[2025-04-22T05:59:04.631+0000] {logging_mixin.py:190} INFO - [2025-04-22T05:59:04.631+0000] {dag.py:4156} INFO - Setting next_dagrun for law_enforcement_ETL to 2025-04-22 02:30:00+00:00, run_after=2025-04-23 02:30:00+00:00
[2025-04-22T05:59:04.661+0000] {processor.py:208} INFO - Processing /opt/airflow/dags/Lab2_ETL.py took 0.247 seconds
[2025-04-22T05:59:35.035+0000] {processor.py:186} INFO - Started process (PID=1003) to work on /opt/airflow/dags/Lab2_ETL.py
[2025-04-22T05:59:35.037+0000] {processor.py:914} INFO - Processing file /opt/airflow/dags/Lab2_ETL.py for tasks to queue
[2025-04-22T05:59:35.039+0000] {logging_mixin.py:190} INFO - [2025-04-22T05:59:35.039+0000] {dagbag.py:587} INFO - Filling up the DagBag from /opt/airflow/dags/Lab2_ETL.py
[2025-04-22T05:59:35.089+0000] {processor.py:925} INFO - DAG(s) 'law_enforcement_ETL' retrieved from /opt/airflow/dags/Lab2_ETL.py
[2025-04-22T05:59:35.114+0000] {logging_mixin.py:190} INFO - [2025-04-22T05:59:35.114+0000] {dag.py:3229} INFO - Sync 1 DAGs
[2025-04-22T05:59:35.150+0000] {logging_mixin.py:190} INFO - [2025-04-22T05:59:35.150+0000] {dag.py:4156} INFO - Setting next_dagrun for law_enforcement_ETL to 2025-04-22 02:30:00+00:00, run_after=2025-04-23 02:30:00+00:00
[2025-04-22T05:59:35.171+0000] {processor.py:208} INFO - Processing /opt/airflow/dags/Lab2_ETL.py took 0.145 seconds
[2025-04-22T06:00:05.605+0000] {processor.py:186} INFO - Started process (PID=1019) to work on /opt/airflow/dags/Lab2_ETL.py
[2025-04-22T06:00:05.608+0000] {processor.py:914} INFO - Processing file /opt/airflow/dags/Lab2_ETL.py for tasks to queue
[2025-04-22T06:00:05.611+0000] {logging_mixin.py:190} INFO - [2025-04-22T06:00:05.611+0000] {dagbag.py:587} INFO - Filling up the DagBag from /opt/airflow/dags/Lab2_ETL.py
[2025-04-22T06:00:05.686+0000] {processor.py:925} INFO - DAG(s) 'law_enforcement_ETL' retrieved from /opt/airflow/dags/Lab2_ETL.py
[2025-04-22T06:00:05.716+0000] {logging_mixin.py:190} INFO - [2025-04-22T06:00:05.716+0000] {dag.py:3229} INFO - Sync 1 DAGs
[2025-04-22T06:00:05.769+0000] {logging_mixin.py:190} INFO - [2025-04-22T06:00:05.769+0000] {dag.py:4156} INFO - Setting next_dagrun for law_enforcement_ETL to 2025-04-22 02:30:00+00:00, run_after=2025-04-23 02:30:00+00:00
[2025-04-22T06:00:05.799+0000] {processor.py:208} INFO - Processing /opt/airflow/dags/Lab2_ETL.py took 0.208 seconds
[2025-04-22T06:00:36.174+0000] {processor.py:186} INFO - Started process (PID=1045) to work on /opt/airflow/dags/Lab2_ETL.py
[2025-04-22T06:00:36.175+0000] {processor.py:914} INFO - Processing file /opt/airflow/dags/Lab2_ETL.py for tasks to queue
[2025-04-22T06:00:36.176+0000] {logging_mixin.py:190} INFO - [2025-04-22T06:00:36.176+0000] {dagbag.py:587} INFO - Filling up the DagBag from /opt/airflow/dags/Lab2_ETL.py
[2025-04-22T06:00:36.217+0000] {processor.py:925} INFO - DAG(s) 'law_enforcement_ETL' retrieved from /opt/airflow/dags/Lab2_ETL.py
[2025-04-22T06:00:36.235+0000] {logging_mixin.py:190} INFO - [2025-04-22T06:00:36.235+0000] {dag.py:3229} INFO - Sync 1 DAGs
[2025-04-22T06:00:36.260+0000] {logging_mixin.py:190} INFO - [2025-04-22T06:00:36.259+0000] {dag.py:4156} INFO - Setting next_dagrun for law_enforcement_ETL to 2025-04-22 02:30:00+00:00, run_after=2025-04-23 02:30:00+00:00
[2025-04-22T06:00:36.279+0000] {processor.py:208} INFO - Processing /opt/airflow/dags/Lab2_ETL.py took 0.112 seconds
[2025-04-22T06:01:06.741+0000] {processor.py:186} INFO - Started process (PID=1061) to work on /opt/airflow/dags/Lab2_ETL.py
[2025-04-22T06:01:06.743+0000] {processor.py:914} INFO - Processing file /opt/airflow/dags/Lab2_ETL.py for tasks to queue
[2025-04-22T06:01:06.747+0000] {logging_mixin.py:190} INFO - [2025-04-22T06:01:06.746+0000] {dagbag.py:587} INFO - Filling up the DagBag from /opt/airflow/dags/Lab2_ETL.py
[2025-04-22T06:01:06.821+0000] {processor.py:925} INFO - DAG(s) 'law_enforcement_ETL' retrieved from /opt/airflow/dags/Lab2_ETL.py
[2025-04-22T06:01:06.843+0000] {logging_mixin.py:190} INFO - [2025-04-22T06:01:06.842+0000] {dag.py:3229} INFO - Sync 1 DAGs
[2025-04-22T06:01:06.865+0000] {logging_mixin.py:190} INFO - [2025-04-22T06:01:06.865+0000] {dag.py:4156} INFO - Setting next_dagrun for law_enforcement_ETL to 2025-04-22 02:30:00+00:00, run_after=2025-04-23 02:30:00+00:00
[2025-04-22T06:01:06.885+0000] {processor.py:208} INFO - Processing /opt/airflow/dags/Lab2_ETL.py took 0.157 seconds
[2025-04-22T06:01:37.323+0000] {processor.py:186} INFO - Started process (PID=1086) to work on /opt/airflow/dags/Lab2_ETL.py
[2025-04-22T06:01:37.324+0000] {processor.py:914} INFO - Processing file /opt/airflow/dags/Lab2_ETL.py for tasks to queue
[2025-04-22T06:01:37.326+0000] {logging_mixin.py:190} INFO - [2025-04-22T06:01:37.325+0000] {dagbag.py:587} INFO - Filling up the DagBag from /opt/airflow/dags/Lab2_ETL.py
[2025-04-22T06:01:37.361+0000] {processor.py:925} INFO - DAG(s) 'law_enforcement_ETL' retrieved from /opt/airflow/dags/Lab2_ETL.py
[2025-04-22T06:01:37.381+0000] {logging_mixin.py:190} INFO - [2025-04-22T06:01:37.381+0000] {dag.py:3229} INFO - Sync 1 DAGs
[2025-04-22T06:01:37.404+0000] {logging_mixin.py:190} INFO - [2025-04-22T06:01:37.404+0000] {dag.py:4156} INFO - Setting next_dagrun for law_enforcement_ETL to 2025-04-22 02:30:00+00:00, run_after=2025-04-23 02:30:00+00:00
[2025-04-22T06:01:37.422+0000] {processor.py:208} INFO - Processing /opt/airflow/dags/Lab2_ETL.py took 0.105 seconds
[2025-04-22T06:02:08.355+0000] {processor.py:186} INFO - Started process (PID=1119) to work on /opt/airflow/dags/Lab2_ETL.py
[2025-04-22T06:02:08.357+0000] {processor.py:914} INFO - Processing file /opt/airflow/dags/Lab2_ETL.py for tasks to queue
[2025-04-22T06:02:08.360+0000] {logging_mixin.py:190} INFO - [2025-04-22T06:02:08.360+0000] {dagbag.py:587} INFO - Filling up the DagBag from /opt/airflow/dags/Lab2_ETL.py
[2025-04-22T06:02:08.391+0000] {processor.py:925} INFO - DAG(s) 'law_enforcement_ETL' retrieved from /opt/airflow/dags/Lab2_ETL.py
[2025-04-22T06:02:08.406+0000] {logging_mixin.py:190} INFO - [2025-04-22T06:02:08.406+0000] {dag.py:3229} INFO - Sync 1 DAGs
[2025-04-22T06:02:08.429+0000] {logging_mixin.py:190} INFO - [2025-04-22T06:02:08.429+0000] {dag.py:4156} INFO - Setting next_dagrun for law_enforcement_ETL to 2025-04-22 02:30:00+00:00, run_after=2025-04-23 02:30:00+00:00
[2025-04-22T06:02:08.447+0000] {processor.py:208} INFO - Processing /opt/airflow/dags/Lab2_ETL.py took 0.109 seconds
[2025-04-22T06:02:39.115+0000] {processor.py:186} INFO - Started process (PID=1135) to work on /opt/airflow/dags/Lab2_ETL.py
[2025-04-22T06:02:39.118+0000] {processor.py:914} INFO - Processing file /opt/airflow/dags/Lab2_ETL.py for tasks to queue
[2025-04-22T06:02:39.121+0000] {logging_mixin.py:190} INFO - [2025-04-22T06:02:39.120+0000] {dagbag.py:587} INFO - Filling up the DagBag from /opt/airflow/dags/Lab2_ETL.py
[2025-04-22T06:02:39.201+0000] {processor.py:925} INFO - DAG(s) 'law_enforcement_ETL' retrieved from /opt/airflow/dags/Lab2_ETL.py
[2025-04-22T06:02:39.242+0000] {logging_mixin.py:190} INFO - [2025-04-22T06:02:39.241+0000] {dag.py:3229} INFO - Sync 1 DAGs
[2025-04-22T06:02:39.300+0000] {logging_mixin.py:190} INFO - [2025-04-22T06:02:39.299+0000] {dag.py:4156} INFO - Setting next_dagrun for law_enforcement_ETL to 2025-04-22 02:30:00+00:00, run_after=2025-04-23 02:30:00+00:00
[2025-04-22T06:02:39.341+0000] {processor.py:208} INFO - Processing /opt/airflow/dags/Lab2_ETL.py took 0.239 seconds
[2025-04-22T06:03:09.610+0000] {processor.py:186} INFO - Started process (PID=1151) to work on /opt/airflow/dags/Lab2_ETL.py
[2025-04-22T06:03:09.612+0000] {processor.py:914} INFO - Processing file /opt/airflow/dags/Lab2_ETL.py for tasks to queue
[2025-04-22T06:03:09.615+0000] {logging_mixin.py:190} INFO - [2025-04-22T06:03:09.615+0000] {dagbag.py:587} INFO - Filling up the DagBag from /opt/airflow/dags/Lab2_ETL.py
[2025-04-22T06:03:09.644+0000] {processor.py:925} INFO - DAG(s) 'law_enforcement_ETL' retrieved from /opt/airflow/dags/Lab2_ETL.py
[2025-04-22T06:03:09.663+0000] {logging_mixin.py:190} INFO - [2025-04-22T06:03:09.663+0000] {dag.py:3229} INFO - Sync 1 DAGs
[2025-04-22T06:03:09.687+0000] {logging_mixin.py:190} INFO - [2025-04-22T06:03:09.687+0000] {dag.py:4156} INFO - Setting next_dagrun for law_enforcement_ETL to 2025-04-22 02:30:00+00:00, run_after=2025-04-23 02:30:00+00:00
[2025-04-22T06:03:09.713+0000] {processor.py:208} INFO - Processing /opt/airflow/dags/Lab2_ETL.py took 0.116 seconds
[2025-04-22T06:12:06.528+0000] {processor.py:186} INFO - Started process (PID=378) to work on /opt/airflow/dags/Lab2_ETL.py
[2025-04-22T06:12:06.531+0000] {processor.py:914} INFO - Processing file /opt/airflow/dags/Lab2_ETL.py for tasks to queue
[2025-04-22T06:12:06.533+0000] {logging_mixin.py:190} INFO - [2025-04-22T06:12:06.533+0000] {dagbag.py:587} INFO - Filling up the DagBag from /opt/airflow/dags/Lab2_ETL.py
[2025-04-22T06:12:06.597+0000] {processor.py:925} INFO - DAG(s) 'law_enforcement_ETL' retrieved from /opt/airflow/dags/Lab2_ETL.py
[2025-04-22T06:12:06.619+0000] {logging_mixin.py:190} INFO - [2025-04-22T06:12:06.618+0000] {dag.py:3229} INFO - Sync 1 DAGs
[2025-04-22T06:12:06.655+0000] {logging_mixin.py:190} INFO - [2025-04-22T06:12:06.654+0000] {dag.py:4156} INFO - Setting next_dagrun for law_enforcement_ETL to 2025-04-22 02:30:00+00:00, run_after=2025-04-23 02:30:00+00:00
[2025-04-22T06:12:06.679+0000] {processor.py:208} INFO - Processing /opt/airflow/dags/Lab2_ETL.py took 0.161 seconds
[2025-04-22T06:12:36.925+0000] {processor.py:186} INFO - Started process (PID=403) to work on /opt/airflow/dags/Lab2_ETL.py
[2025-04-22T06:12:36.926+0000] {processor.py:914} INFO - Processing file /opt/airflow/dags/Lab2_ETL.py for tasks to queue
[2025-04-22T06:12:36.929+0000] {logging_mixin.py:190} INFO - [2025-04-22T06:12:36.929+0000] {dagbag.py:587} INFO - Filling up the DagBag from /opt/airflow/dags/Lab2_ETL.py
[2025-04-22T06:12:36.966+0000] {processor.py:925} INFO - DAG(s) 'law_enforcement_ETL' retrieved from /opt/airflow/dags/Lab2_ETL.py
[2025-04-22T06:12:36.985+0000] {logging_mixin.py:190} INFO - [2025-04-22T06:12:36.984+0000] {dag.py:3229} INFO - Sync 1 DAGs
[2025-04-22T06:12:37.017+0000] {logging_mixin.py:190} INFO - [2025-04-22T06:12:37.017+0000] {dag.py:4156} INFO - Setting next_dagrun for law_enforcement_ETL to 2025-04-22 02:30:00+00:00, run_after=2025-04-23 02:30:00+00:00
[2025-04-22T06:12:37.038+0000] {processor.py:208} INFO - Processing /opt/airflow/dags/Lab2_ETL.py took 0.121 seconds
[2025-04-22T06:13:07.543+0000] {processor.py:186} INFO - Started process (PID=420) to work on /opt/airflow/dags/Lab2_ETL.py
[2025-04-22T06:13:07.544+0000] {processor.py:914} INFO - Processing file /opt/airflow/dags/Lab2_ETL.py for tasks to queue
[2025-04-22T06:13:07.546+0000] {logging_mixin.py:190} INFO - [2025-04-22T06:13:07.546+0000] {dagbag.py:587} INFO - Filling up the DagBag from /opt/airflow/dags/Lab2_ETL.py
[2025-04-22T06:13:07.580+0000] {processor.py:925} INFO - DAG(s) 'law_enforcement_ETL' retrieved from /opt/airflow/dags/Lab2_ETL.py
[2025-04-22T06:13:07.605+0000] {logging_mixin.py:190} INFO - [2025-04-22T06:13:07.605+0000] {dag.py:3229} INFO - Sync 1 DAGs
[2025-04-22T06:13:07.634+0000] {logging_mixin.py:190} INFO - [2025-04-22T06:13:07.633+0000] {dag.py:4156} INFO - Setting next_dagrun for law_enforcement_ETL to 2025-04-22 02:30:00+00:00, run_after=2025-04-23 02:30:00+00:00
[2025-04-22T06:13:07.653+0000] {processor.py:208} INFO - Processing /opt/airflow/dags/Lab2_ETL.py took 0.124 seconds
[2025-04-22T06:13:38.085+0000] {processor.py:186} INFO - Started process (PID=450) to work on /opt/airflow/dags/Lab2_ETL.py
[2025-04-22T06:13:38.087+0000] {processor.py:914} INFO - Processing file /opt/airflow/dags/Lab2_ETL.py for tasks to queue
[2025-04-22T06:13:38.095+0000] {logging_mixin.py:190} INFO - [2025-04-22T06:13:38.094+0000] {dagbag.py:587} INFO - Filling up the DagBag from /opt/airflow/dags/Lab2_ETL.py
[2025-04-22T06:13:38.159+0000] {processor.py:925} INFO - DAG(s) 'law_enforcement_ETL' retrieved from /opt/airflow/dags/Lab2_ETL.py
[2025-04-22T06:13:38.204+0000] {logging_mixin.py:190} INFO - [2025-04-22T06:13:38.203+0000] {dag.py:3229} INFO - Sync 1 DAGs
[2025-04-22T06:13:38.248+0000] {logging_mixin.py:190} INFO - [2025-04-22T06:13:38.248+0000] {dag.py:4156} INFO - Setting next_dagrun for law_enforcement_ETL to 2025-04-22 02:30:00+00:00, run_after=2025-04-23 02:30:00+00:00
[2025-04-22T06:13:38.278+0000] {processor.py:208} INFO - Processing /opt/airflow/dags/Lab2_ETL.py took 0.207 seconds
