[2025-04-23T03:05:07.728+0000] {local_task_job_runner.py:123} INFO - ::group::Pre task execution logs
[2025-04-23T03:05:07.754+0000] {taskinstance.py:2612} INFO - Dependencies all met for dep_context=non-requeueable deps ti=<TaskInstance: BuildELT_dbt.dbt_run manual__2025-04-23T03:05:07.039860+00:00 [queued]>
[2025-04-23T03:05:07.770+0000] {taskinstance.py:2612} INFO - Dependencies all met for dep_context=requeueable deps ti=<TaskInstance: BuildELT_dbt.dbt_run manual__2025-04-23T03:05:07.039860+00:00 [queued]>
[2025-04-23T03:05:07.772+0000] {taskinstance.py:2865} INFO - Starting attempt 1 of 1
[2025-04-23T03:05:07.795+0000] {taskinstance.py:2888} INFO - Executing <Task(BashOperator): dbt_run> on 2025-04-23 03:05:07.039860+00:00
[2025-04-23T03:05:07.812+0000] {standard_task_runner.py:104} INFO - Running: ['***', 'tasks', 'run', 'BuildELT_dbt', 'dbt_run', 'manual__2025-04-23T03:05:07.039860+00:00', '--job-id', '53', '--raw', '--subdir', 'DAGS_FOLDER/build_elt_with_dbt.py', '--cfg-path', '/tmp/tmp_rb8oiqr']
[2025-04-23T03:05:07.819+0000] {standard_task_runner.py:105} INFO - Job 53: Subtask dbt_run
[2025-04-23T03:05:07.818+0000] {logging_mixin.py:190} WARNING - /home/***/.local/lib/python3.12/site-packages/***/task/task_runner/standard_task_runner.py:70 DeprecationWarning: This process (pid=898) is multi-threaded, use of fork() may lead to deadlocks in the child.
[2025-04-23T03:05:07.820+0000] {standard_task_runner.py:72} INFO - Started process 899 to run task
[2025-04-23T03:05:07.888+0000] {task_command.py:467} INFO - Running <TaskInstance: BuildELT_dbt.dbt_run manual__2025-04-23T03:05:07.039860+00:00 [running]> on host dbfa88ee86fe
[2025-04-23T03:05:07.985+0000] {taskinstance.py:3131} INFO - Exporting env vars: AIRFLOW_CTX_DAG_OWNER='***' AIRFLOW_CTX_DAG_ID='BuildELT_dbt' AIRFLOW_CTX_TASK_ID='dbt_run' AIRFLOW_CTX_EXECUTION_DATE='2025-04-23T03:05:07.039860+00:00' AIRFLOW_CTX_TRY_NUMBER='1' AIRFLOW_CTX_DAG_RUN_ID='manual__2025-04-23T03:05:07.039860+00:00'
[2025-04-23T03:05:07.987+0000] {taskinstance.py:731} INFO - ::endgroup::
[2025-04-23T03:05:08.025+0000] {subprocess.py:63} INFO - Tmp dir root location: /tmp
[2025-04-23T03:05:08.031+0000] {subprocess.py:75} INFO - Running command: ['/usr/bin/bash', '-c', '/home/***/.local/bin/dbt run --profiles-dir /opt/***/dbt --project-dir /opt/***/dbt']
[2025-04-23T03:05:08.040+0000] {subprocess.py:86} INFO - Output:
[2025-04-23T03:05:11.702+0000] {subprocess.py:93} INFO - [0m03:05:11  Running with dbt=1.6.18
[2025-04-23T03:05:12.938+0000] {subprocess.py:93} INFO - [0m03:05:12  Registered adapter: snowflake=1.6.0
[2025-04-23T03:05:13.187+0000] {subprocess.py:93} INFO - [0m03:05:13  Found 3 models, 2 tests, 2 sources, 0 exposures, 0 metrics, 375 macros, 0 groups, 0 semantic models
[2025-04-23T03:05:13.190+0000] {subprocess.py:93} INFO - [0m03:05:13
[2025-04-23T03:05:14.839+0000] {subprocess.py:93} INFO - [0m03:05:14  Concurrency: 1 threads (target='dev')
[2025-04-23T03:05:14.840+0000] {subprocess.py:93} INFO - [0m03:05:14
[2025-04-23T03:05:14.854+0000] {subprocess.py:93} INFO - [0m03:05:14  1 of 2 START sql view model analytics.law_enforcement_calls .................... [RUN]
[2025-04-23T03:05:16.453+0000] {subprocess.py:93} INFO - [0m03:05:16  1 of 2 OK created sql view model analytics.law_enforcement_calls ............... [[32mSUCCESS 1[0m in 1.60s]
[2025-04-23T03:05:16.457+0000] {subprocess.py:93} INFO - [0m03:05:16  2 of 2 START sql view model analytics.Avg_response_time_pd ..................... [RUN]
[2025-04-23T03:05:17.713+0000] {subprocess.py:93} INFO - [0m03:05:17  2 of 2 OK created sql view model analytics.Avg_response_time_pd ................ [[32mSUCCESS 1[0m in 1.25s]
[2025-04-23T03:05:17.718+0000] {subprocess.py:93} INFO - [0m03:05:17
[2025-04-23T03:05:17.718+0000] {subprocess.py:93} INFO - [0m03:05:17  Finished running 2 view models in 0 hours 0 minutes and 4.53 seconds (4.53s).
[2025-04-23T03:05:17.742+0000] {subprocess.py:93} INFO - [0m03:05:17
[2025-04-23T03:05:17.743+0000] {subprocess.py:93} INFO - [0m03:05:17  [32mCompleted successfully[0m
[2025-04-23T03:05:17.743+0000] {subprocess.py:93} INFO - [0m03:05:17
[2025-04-23T03:05:17.744+0000] {subprocess.py:93} INFO - [0m03:05:17  Done. PASS=2 WARN=0 ERROR=0 SKIP=0 TOTAL=2
[2025-04-23T03:05:19.134+0000] {subprocess.py:97} INFO - Command exited with return code 0
[2025-04-23T03:05:19.168+0000] {taskinstance.py:340} INFO - ::group::Post task execution logs
[2025-04-23T03:05:19.169+0000] {taskinstance.py:352} INFO - Marking task as SUCCESS. dag_id=BuildELT_dbt, task_id=dbt_run, run_id=manual__2025-04-23T03:05:07.039860+00:00, execution_date=20250423T030507, start_date=20250423T030507, end_date=20250423T030519
[2025-04-23T03:05:19.220+0000] {local_task_job_runner.py:266} INFO - Task exited with return code 0
[2025-04-23T03:05:19.278+0000] {taskinstance.py:3900} INFO - 1 downstream tasks scheduled from follow-on schedule check
[2025-04-23T03:05:19.282+0000] {local_task_job_runner.py:245} INFO - ::endgroup::
