[2025-04-23T05:17:52.260+0000] {local_task_job_runner.py:123} INFO - ::group::Pre task execution logs
[2025-04-23T05:17:52.285+0000] {taskinstance.py:2612} INFO - Dependencies all met for dep_context=non-requeueable deps ti=<TaskInstance: BuildELT_dbt.dbt_run manual__2025-04-23T05:17:51.239763+00:00 [queued]>
[2025-04-23T05:17:52.296+0000] {taskinstance.py:2612} INFO - Dependencies all met for dep_context=requeueable deps ti=<TaskInstance: BuildELT_dbt.dbt_run manual__2025-04-23T05:17:51.239763+00:00 [queued]>
[2025-04-23T05:17:52.297+0000] {taskinstance.py:2865} INFO - Starting attempt 1 of 1
[2025-04-23T05:17:52.317+0000] {taskinstance.py:2888} INFO - Executing <Task(BashOperator): dbt_run> on 2025-04-23 05:17:51.239763+00:00
[2025-04-23T05:17:52.331+0000] {logging_mixin.py:190} WARNING - /home/***/.local/lib/python3.12/site-packages/***/task/task_runner/standard_task_runner.py:70 DeprecationWarning: This process (pid=1429) is multi-threaded, use of fork() may lead to deadlocks in the child.
[2025-04-23T05:17:52.333+0000] {standard_task_runner.py:72} INFO - Started process 1430 to run task
[2025-04-23T05:17:52.336+0000] {standard_task_runner.py:104} INFO - Running: ['***', 'tasks', 'run', 'BuildELT_dbt', 'dbt_run', 'manual__2025-04-23T05:17:51.239763+00:00', '--job-id', '62', '--raw', '--subdir', 'DAGS_FOLDER/build_elt_with_dbt.py', '--cfg-path', '/tmp/tmp77gab6os']
[2025-04-23T05:17:52.338+0000] {standard_task_runner.py:105} INFO - Job 62: Subtask dbt_run
[2025-04-23T05:17:52.385+0000] {task_command.py:467} INFO - Running <TaskInstance: BuildELT_dbt.dbt_run manual__2025-04-23T05:17:51.239763+00:00 [running]> on host 0b555a0ed01e
[2025-04-23T05:17:52.482+0000] {taskinstance.py:3131} INFO - Exporting env vars: AIRFLOW_CTX_DAG_OWNER='***' AIRFLOW_CTX_DAG_ID='BuildELT_dbt' AIRFLOW_CTX_TASK_ID='dbt_run' AIRFLOW_CTX_EXECUTION_DATE='2025-04-23T05:17:51.239763+00:00' AIRFLOW_CTX_TRY_NUMBER='1' AIRFLOW_CTX_DAG_RUN_ID='manual__2025-04-23T05:17:51.239763+00:00'
[2025-04-23T05:17:52.485+0000] {taskinstance.py:731} INFO - ::endgroup::
[2025-04-23T05:17:52.517+0000] {subprocess.py:63} INFO - Tmp dir root location: /tmp
[2025-04-23T05:17:52.520+0000] {subprocess.py:75} INFO - Running command: ['/usr/bin/bash', '-c', '/home/***/.local/bin/dbt run --profiles-dir /opt/***/dbt --project-dir /opt/***/dbt']
[2025-04-23T05:17:52.528+0000] {subprocess.py:86} INFO - Output:
[2025-04-23T05:17:55.461+0000] {subprocess.py:93} INFO - [0m05:17:55  Running with dbt=1.6.18
[2025-04-23T05:17:56.479+0000] {subprocess.py:93} INFO - [0m05:17:56  Registered adapter: snowflake=1.6.0
[2025-04-23T05:17:56.695+0000] {subprocess.py:93} INFO - [0m05:17:56  Found 2 tests, 2 models, 2 sources, 0 exposures, 0 metrics, 375 macros, 0 groups, 0 semantic models
[2025-04-23T05:17:56.698+0000] {subprocess.py:93} INFO - [0m05:17:56
[2025-04-23T05:17:58.129+0000] {subprocess.py:93} INFO - [0m05:17:58  Concurrency: 1 threads (target='dev')
[2025-04-23T05:17:58.130+0000] {subprocess.py:93} INFO - [0m05:17:58
[2025-04-23T05:17:58.143+0000] {subprocess.py:93} INFO - [0m05:17:58  1 of 2 START sql view model analytics.law_enforcement_calls .................... [RUN]
[2025-04-23T05:17:59.115+0000] {subprocess.py:93} INFO - [0m05:17:59  1 of 2 OK created sql view model analytics.law_enforcement_calls ............... [[32mSUCCESS 1[0m in 0.97s]
[2025-04-23T05:17:59.120+0000] {subprocess.py:93} INFO - [0m05:17:59  2 of 2 START sql view model analytics.Avg_response_time_pd ..................... [RUN]
[2025-04-23T05:17:59.994+0000] {subprocess.py:93} INFO - [0m05:17:59  2 of 2 OK created sql view model analytics.Avg_response_time_pd ................ [[32mSUCCESS 1[0m in 0.87s]
[2025-04-23T05:17:59.998+0000] {subprocess.py:93} INFO - [0m05:17:59
[2025-04-23T05:17:59.999+0000] {subprocess.py:93} INFO - [0m05:17:59  Finished running 2 view models in 0 hours 0 minutes and 3.30 seconds (3.30s).
[2025-04-23T05:18:00.022+0000] {subprocess.py:93} INFO - [0m05:18:00
[2025-04-23T05:18:00.023+0000] {subprocess.py:93} INFO - [0m05:18:00  [32mCompleted successfully[0m
[2025-04-23T05:18:00.024+0000] {subprocess.py:93} INFO - [0m05:18:00
[2025-04-23T05:18:00.024+0000] {subprocess.py:93} INFO - [0m05:18:00  Done. PASS=2 WARN=0 ERROR=0 SKIP=0 TOTAL=2
[2025-04-23T05:18:00.713+0000] {subprocess.py:97} INFO - Command exited with return code 0
[2025-04-23T05:18:00.741+0000] {taskinstance.py:340} INFO - ::group::Post task execution logs
[2025-04-23T05:18:00.742+0000] {taskinstance.py:352} INFO - Marking task as SUCCESS. dag_id=BuildELT_dbt, task_id=dbt_run, run_id=manual__2025-04-23T05:17:51.239763+00:00, execution_date=20250423T051751, start_date=20250423T051752, end_date=20250423T051800
[2025-04-23T05:18:00.799+0000] {local_task_job_runner.py:266} INFO - Task exited with return code 0
[2025-04-23T05:18:00.832+0000] {taskinstance.py:3900} INFO - 1 downstream tasks scheduled from follow-on schedule check
[2025-04-23T05:18:00.834+0000] {local_task_job_runner.py:245} INFO - ::endgroup::
