[2025-04-23T05:31:30.801+0000] {local_task_job_runner.py:123} INFO - ::group::Pre task execution logs
[2025-04-23T05:31:30.825+0000] {taskinstance.py:2612} INFO - Dependencies all met for dep_context=non-requeueable deps ti=<TaskInstance: BuildELT_dbt.dbt_run manual__2025-04-23T05:31:30.046697+00:00 [queued]>
[2025-04-23T05:31:30.837+0000] {taskinstance.py:2612} INFO - Dependencies all met for dep_context=requeueable deps ti=<TaskInstance: BuildELT_dbt.dbt_run manual__2025-04-23T05:31:30.046697+00:00 [queued]>
[2025-04-23T05:31:30.838+0000] {taskinstance.py:2865} INFO - Starting attempt 1 of 1
[2025-04-23T05:31:30.862+0000] {taskinstance.py:2888} INFO - Executing <Task(BashOperator): dbt_run> on 2025-04-23 05:31:30.046697+00:00
[2025-04-23T05:31:30.890+0000] {standard_task_runner.py:104} INFO - Running: ['***', 'tasks', 'run', 'BuildELT_dbt', 'dbt_run', 'manual__2025-04-23T05:31:30.046697+00:00', '--job-id', '68', '--raw', '--subdir', 'DAGS_FOLDER/build_elt_with_dbt.py', '--cfg-path', '/tmp/tmpwlajejs1']
[2025-04-23T05:31:30.894+0000] {standard_task_runner.py:105} INFO - Job 68: Subtask dbt_run
[2025-04-23T05:31:30.903+0000] {logging_mixin.py:190} WARNING - /home/***/.local/lib/python3.12/site-packages/***/task/task_runner/standard_task_runner.py:70 DeprecationWarning: This process (pid=1953) is multi-threaded, use of fork() may lead to deadlocks in the child.
[2025-04-23T05:31:30.904+0000] {standard_task_runner.py:72} INFO - Started process 1954 to run task
[2025-04-23T05:31:30.951+0000] {task_command.py:467} INFO - Running <TaskInstance: BuildELT_dbt.dbt_run manual__2025-04-23T05:31:30.046697+00:00 [running]> on host 0b555a0ed01e
[2025-04-23T05:31:31.171+0000] {taskinstance.py:3131} INFO - Exporting env vars: AIRFLOW_CTX_DAG_OWNER='***' AIRFLOW_CTX_DAG_ID='BuildELT_dbt' AIRFLOW_CTX_TASK_ID='dbt_run' AIRFLOW_CTX_EXECUTION_DATE='2025-04-23T05:31:30.046697+00:00' AIRFLOW_CTX_TRY_NUMBER='1' AIRFLOW_CTX_DAG_RUN_ID='manual__2025-04-23T05:31:30.046697+00:00'
[2025-04-23T05:31:31.173+0000] {taskinstance.py:731} INFO - ::endgroup::
[2025-04-23T05:31:31.207+0000] {subprocess.py:63} INFO - Tmp dir root location: /tmp
[2025-04-23T05:31:31.210+0000] {subprocess.py:75} INFO - Running command: ['/usr/bin/bash', '-c', '/home/***/.local/bin/dbt run --profiles-dir /opt/***/dbt --project-dir /opt/***/dbt']
[2025-04-23T05:31:31.231+0000] {subprocess.py:86} INFO - Output:
[2025-04-23T05:31:34.240+0000] {subprocess.py:93} INFO - [0m05:31:34  Running with dbt=1.6.18
[2025-04-23T05:31:35.246+0000] {subprocess.py:93} INFO - [0m05:31:35  Registered adapter: snowflake=1.6.0
[2025-04-23T05:31:35.480+0000] {subprocess.py:93} INFO - [0m05:31:35  Found 2 tests, 2 models, 2 sources, 0 exposures, 0 metrics, 375 macros, 0 groups, 0 semantic models
[2025-04-23T05:31:35.483+0000] {subprocess.py:93} INFO - [0m05:31:35
[2025-04-23T05:31:36.928+0000] {subprocess.py:93} INFO - [0m05:31:36  Concurrency: 1 threads (target='dev')
[2025-04-23T05:31:36.929+0000] {subprocess.py:93} INFO - [0m05:31:36
[2025-04-23T05:31:36.939+0000] {subprocess.py:93} INFO - [0m05:31:36  1 of 2 START sql view model analytics.law_enforcement_calls .................... [RUN]
[2025-04-23T05:31:37.735+0000] {subprocess.py:93} INFO - [0m05:31:37  1 of 2 OK created sql view model analytics.law_enforcement_calls ............... [[32mSUCCESS 1[0m in 0.79s]
[2025-04-23T05:31:37.739+0000] {subprocess.py:93} INFO - [0m05:31:37  2 of 2 START sql view model analytics.Avg_response_time_pd ..................... [RUN]
[2025-04-23T05:31:38.477+0000] {subprocess.py:93} INFO - [0m05:31:38  2 of 2 OK created sql view model analytics.Avg_response_time_pd ................ [[32mSUCCESS 1[0m in 0.74s]
[2025-04-23T05:31:38.484+0000] {subprocess.py:93} INFO - [0m05:31:38
[2025-04-23T05:31:38.485+0000] {subprocess.py:93} INFO - [0m05:31:38  Finished running 2 view models in 0 hours 0 minutes and 3.00 seconds (3.00s).
[2025-04-23T05:31:38.517+0000] {subprocess.py:93} INFO - [0m05:31:38
[2025-04-23T05:31:38.518+0000] {subprocess.py:93} INFO - [0m05:31:38  [32mCompleted successfully[0m
[2025-04-23T05:31:38.519+0000] {subprocess.py:93} INFO - [0m05:31:38
[2025-04-23T05:31:38.520+0000] {subprocess.py:93} INFO - [0m05:31:38  Done. PASS=2 WARN=0 ERROR=0 SKIP=0 TOTAL=2
[2025-04-23T05:31:39.210+0000] {subprocess.py:97} INFO - Command exited with return code 0
[2025-04-23T05:31:39.237+0000] {taskinstance.py:340} INFO - ::group::Post task execution logs
[2025-04-23T05:31:39.238+0000] {taskinstance.py:352} INFO - Marking task as SUCCESS. dag_id=BuildELT_dbt, task_id=dbt_run, run_id=manual__2025-04-23T05:31:30.046697+00:00, execution_date=20250423T053130, start_date=20250423T053130, end_date=20250423T053139
[2025-04-23T05:31:39.258+0000] {local_task_job_runner.py:266} INFO - Task exited with return code 0
[2025-04-23T05:31:39.281+0000] {taskinstance.py:3900} INFO - 1 downstream tasks scheduled from follow-on schedule check
[2025-04-23T05:31:39.284+0000] {local_task_job_runner.py:245} INFO - ::endgroup::
